{"contracts/access/Governable.sol":{"l":{"9":9,"13":1,"14":1,"18":0},"path":"/Users/bhargavkacharla/gmx/gmx-contracts/contracts/access/Governable.sol","s":{"1":1},"b":{"1":[1,0],"2":[0,0]},"f":{"1":9,"2":1,"3":0},"fnMap":{"1":{"name":"constructor","line":8,"loc":{"start":{"line":8,"column":4},"end":{"line":10,"column":4}}},"2":{"name":"onlyGov","line":12,"loc":{"start":{"line":12,"column":4},"end":{"line":15,"column":4}}},"3":{"name":"setGov","line":17,"loc":{"start":{"line":17,"column":4},"end":{"line":19,"column":4}}}},"statementMap":{"1":{"start":{"line":13,"column":8},"end":{"line":13,"column":58}}},"branchMap":{"1":{"line":13,"type":"if","locations":[{"start":{"line":13,"column":8},"end":{"line":13,"column":8}},{"start":{"line":13,"column":8},"end":{"line":13,"column":8}}]},"2":{"line":17,"type":"if","locations":[{"start":{"line":17,"column":43},"end":{"line":17,"column":43}},{"start":{"line":17,"column":43},"end":{"line":17,"column":43}}]}}},"contracts/access/interfaces/IAdmin.sol":{"l":{},"path":"/Users/bhargavkacharla/gmx/gmx-contracts/contracts/access/interfaces/IAdmin.sol","s":{},"b":{},"f":{},"fnMap":{},"statementMap":{},"branchMap":{}},"contracts/access/TokenManager.sol":{"l":{"37":0,"38":0,"42":0,"43":0,"47":0,"48":0,"52":0,"53":0,"55":0,"56":0,"57":0,"58":0,"63":0,"67":0,"68":0,"69":0,"70":0,"71":0,"75":0,"76":0,"77":0,"78":0,"79":0,"83":0,"84":0,"85":0,"87":0,"88":0,"92":0,"93":0,"94":0,"95":0,"96":0,"100":0,"101":0,"102":0,"103":0,"104":0,"108":0,"109":0,"110":0,"112":0,"113":0,"117":0,"118":0,"119":0,"120":0,"121":0,"125":0,"126":0,"127":0,"128":0,"129":0,"133":0,"134":0,"135":0,"137":0,"138":0,"140":0,"144":0,"145":0,"150":0,"151":0,"152":0,"153":0,"154":0,"155":0,"159":0,"160":0,"161":0,"162":0,"163":0,"167":0,"168":0,"169":0,"171":0,"172":0,"176":0,"177":0,"178":0,"179":0,"180":0,"181":0,"185":0,"186":0,"187":0,"188":0,"189":0,"193":0,"194":0,"195":0,"197":0,"198":0,"202":0,"203":0,"207":0,"211":0,"212":0,"213":0,"214":0,"215":0,"219":0,"220":0,"222":0,"226":0,"227":0,"228":0},"path":"/Users/bhargavkacharla/gmx/gmx-contracts/contracts/access/TokenManager.sol","s":{"1":0,"2":0,"3":0,"4":0,"5":0,"6":0,"7":0,"8":0,"9":0,"10":0,"11":0,"12":0,"13":0,"14":0,"15":0,"16":0,"17":0,"18":0,"19":0,"20":0,"21":0,"22":0,"23":0,"24":0,"25":0,"26":0,"27":0,"28":0,"29":0,"30":0,"31":0,"32":0,"33":0,"34":0,"35":0,"36":0,"37":0,"38":0,"39":0,"40":0,"41":0,"42":0,"43":0,"44":0,"45":0,"46":0,"47":0,"48":0,"49":0,"50":0,"51":0,"52":0,"53":0,"54":0,"55":0,"56":0,"57":0,"58":0,"59":0,"60":0,"61":0,"62":0,"63":0,"64":0,"65":0,"66":0,"67":0,"68":0,"69":0,"70":0,"71":0,"72":0,"73":0,"74":0,"75":0,"76":0,"77":0,"78":0,"79":0,"80":0,"81":0,"82":0,"83":0,"84":0,"85":0},"b":{"1":[0,0],"2":[0,0],"3":[0,0],"4":[0,0],"5":[0,0],"6":[0,0],"7":[0,0],"8":[0,0],"9":[0,0],"10":[0,0],"11":[0,0],"12":[0,0],"13":[0,0],"14":[0,0],"15":[0,0],"16":[0,0],"17":[0,0],"18":[0,0],"19":[0,0],"20":[0,0],"21":[0,0],"22":[0,0],"23":[0,0],"24":[0,0],"25":[0,0],"26":[0,0],"27":[0,0],"28":[0,0],"29":[0,0],"30":[0,0],"31":[0,0],"32":[0,0],"33":[0,0],"34":[0,0],"35":[0,0],"36":[0,0],"37":[0,0],"38":[0,0],"39":[0,0],"40":[0,0],"41":[0,0],"42":[0,0],"43":[0,0],"44":[0,0],"45":[0,0],"46":[0,0]},"f":{"1":0,"2":0,"3":0,"4":0,"5":0,"6":0,"7":0,"8":0,"9":0,"10":0,"11":0,"12":0,"13":0,"14":0,"15":0,"16":0,"17":0,"18":0,"19":0,"20":0,"21":0,"22":0,"23":0,"24":0,"25":0},"fnMap":{"1":{"name":"constructor","line":36,"loc":{"start":{"line":36,"column":4},"end":{"line":39,"column":4}}},"2":{"name":"onlyAdmin","line":41,"loc":{"start":{"line":41,"column":4},"end":{"line":44,"column":4}}},"3":{"name":"onlySigner","line":46,"loc":{"start":{"line":46,"column":4},"end":{"line":49,"column":4}}},"4":{"name":"initialize","line":51,"loc":{"start":{"line":51,"column":4},"end":{"line":60,"column":4}}},"5":{"name":"signersLength","line":62,"loc":{"start":{"line":62,"column":4},"end":{"line":64,"column":4}}},"6":{"name":"signalApprove","line":66,"loc":{"start":{"line":66,"column":4},"end":{"line":72,"column":4}}},"7":{"name":"signApprove","line":74,"loc":{"start":{"line":74,"column":4},"end":{"line":80,"column":4}}},"8":{"name":"approve","line":82,"loc":{"start":{"line":82,"column":4},"end":{"line":89,"column":4}}},"9":{"name":"signalApproveNFT","line":91,"loc":{"start":{"line":91,"column":4},"end":{"line":97,"column":4}}},"10":{"name":"signApproveNFT","line":99,"loc":{"start":{"line":99,"column":4},"end":{"line":105,"column":4}}},"11":{"name":"approveNFT","line":107,"loc":{"start":{"line":107,"column":4},"end":{"line":114,"column":4}}},"12":{"name":"signalApproveNFTs","line":116,"loc":{"start":{"line":116,"column":4},"end":{"line":122,"column":4}}},"13":{"name":"signApproveNFTs","line":124,"loc":{"start":{"line":124,"column":4},"end":{"line":130,"column":4}}},"14":{"name":"approveNFTs","line":132,"loc":{"start":{"line":132,"column":4},"end":{"line":141,"column":4}}},"15":{"name":"receiveNFTs","line":143,"loc":{"start":{"line":143,"column":4},"end":{"line":147,"column":4}}},"16":{"name":"signalSetAdmin","line":149,"loc":{"start":{"line":149,"column":4},"end":{"line":156,"column":4}}},"17":{"name":"signSetAdmin","line":158,"loc":{"start":{"line":158,"column":4},"end":{"line":164,"column":4}}},"18":{"name":"setAdmin","line":166,"loc":{"start":{"line":166,"column":4},"end":{"line":173,"column":4}}},"19":{"name":"signalSetGov","line":175,"loc":{"start":{"line":175,"column":4},"end":{"line":182,"column":4}}},"20":{"name":"signSetGov","line":184,"loc":{"start":{"line":184,"column":4},"end":{"line":190,"column":4}}},"21":{"name":"setGov","line":192,"loc":{"start":{"line":192,"column":4},"end":{"line":199,"column":4}}},"22":{"name":"_setPendingAction","line":201,"loc":{"start":{"line":201,"column":4},"end":{"line":204,"column":4}}},"23":{"name":"_validateAction","line":206,"loc":{"start":{"line":206,"column":4},"end":{"line":208,"column":4}}},"24":{"name":"_validateAuthorization","line":210,"loc":{"start":{"line":210,"column":4},"end":{"line":223,"column":4}}},"25":{"name":"_clearAction","line":225,"loc":{"start":{"line":225,"column":4},"end":{"line":229,"column":4}}}},"statementMap":{"1":{"start":{"line":42,"column":8},"end":{"line":42,"column":62}},"2":{"start":{"line":47,"column":8},"end":{"line":47,"column":63}},"3":{"start":{"line":52,"column":8},"end":{"line":52,"column":67}},"4":{"start":{"line":56,"column":8},"end":{"line":56,"column":1964}},"5":{"start":{"line":57,"column":12},"end":{"line":57,"column":40}},"6":{"start":{"line":63,"column":8},"end":{"line":63,"column":29}},"7":{"start":{"line":68,"column":8},"end":{"line":68,"column":36}},"8":{"start":{"line":69,"column":8},"end":{"line":69,"column":97}},"9":{"start":{"line":70,"column":8},"end":{"line":70,"column":39}},"10":{"start":{"line":71,"column":8},"end":{"line":71,"column":68}},"11":{"start":{"line":75,"column":8},"end":{"line":75,"column":98}},"12":{"start":{"line":76,"column":8},"end":{"line":76,"column":30}},"13":{"start":{"line":77,"column":8},"end":{"line":77,"column":82}},"14":{"start":{"line":79,"column":8},"end":{"line":79,"column":39}},"15":{"start":{"line":83,"column":8},"end":{"line":83,"column":98}},"16":{"start":{"line":84,"column":8},"end":{"line":84,"column":30}},"17":{"start":{"line":85,"column":8},"end":{"line":85,"column":37}},"18":{"start":{"line":87,"column":8},"end":{"line":87,"column":48}},"19":{"start":{"line":88,"column":8},"end":{"line":88,"column":35}},"20":{"start":{"line":93,"column":8},"end":{"line":93,"column":36}},"21":{"start":{"line":94,"column":8},"end":{"line":94,"column":101}},"22":{"start":{"line":95,"column":8},"end":{"line":95,"column":39}},"23":{"start":{"line":96,"column":8},"end":{"line":96,"column":72}},"24":{"start":{"line":100,"column":8},"end":{"line":100,"column":102}},"25":{"start":{"line":101,"column":8},"end":{"line":101,"column":30}},"26":{"start":{"line":102,"column":8},"end":{"line":102,"column":82}},"27":{"start":{"line":104,"column":8},"end":{"line":104,"column":39}},"28":{"start":{"line":108,"column":8},"end":{"line":108,"column":102}},"29":{"start":{"line":109,"column":8},"end":{"line":109,"column":30}},"30":{"start":{"line":110,"column":8},"end":{"line":110,"column":37}},"31":{"start":{"line":112,"column":8},"end":{"line":112,"column":50}},"32":{"start":{"line":113,"column":8},"end":{"line":113,"column":35}},"33":{"start":{"line":118,"column":8},"end":{"line":118,"column":36}},"34":{"start":{"line":119,"column":8},"end":{"line":119,"column":103}},"35":{"start":{"line":120,"column":8},"end":{"line":120,"column":39}},"36":{"start":{"line":121,"column":8},"end":{"line":121,"column":74}},"37":{"start":{"line":125,"column":8},"end":{"line":125,"column":104}},"38":{"start":{"line":126,"column":8},"end":{"line":126,"column":30}},"39":{"start":{"line":127,"column":8},"end":{"line":127,"column":82}},"40":{"start":{"line":129,"column":8},"end":{"line":129,"column":39}},"41":{"start":{"line":133,"column":8},"end":{"line":133,"column":104}},"42":{"start":{"line":134,"column":8},"end":{"line":134,"column":30}},"43":{"start":{"line":135,"column":8},"end":{"line":135,"column":37}},"44":{"start":{"line":137,"column":8},"end":{"line":137,"column":5899}},"45":{"start":{"line":138,"column":12},"end":{"line":138,"column":58}},"46":{"start":{"line":140,"column":8},"end":{"line":140,"column":35}},"47":{"start":{"line":144,"column":8},"end":{"line":144,"column":6193}},"48":{"start":{"line":145,"column":12},"end":{"line":145,"column":77}},"49":{"start":{"line":151,"column":8},"end":{"line":151,"column":36}},"50":{"start":{"line":152,"column":8},"end":{"line":152,"column":88}},"51":{"start":{"line":153,"column":8},"end":{"line":153,"column":39}},"52":{"start":{"line":155,"column":8},"end":{"line":155,"column":59}},"53":{"start":{"line":159,"column":8},"end":{"line":159,"column":89}},"54":{"start":{"line":160,"column":8},"end":{"line":160,"column":30}},"55":{"start":{"line":161,"column":8},"end":{"line":161,"column":82}},"56":{"start":{"line":163,"column":8},"end":{"line":163,"column":39}},"57":{"start":{"line":167,"column":8},"end":{"line":167,"column":89}},"58":{"start":{"line":168,"column":8},"end":{"line":168,"column":30}},"59":{"start":{"line":169,"column":8},"end":{"line":169,"column":37}},"60":{"start":{"line":171,"column":8},"end":{"line":171,"column":42}},"61":{"start":{"line":172,"column":8},"end":{"line":172,"column":35}},"62":{"start":{"line":177,"column":8},"end":{"line":177,"column":36}},"63":{"start":{"line":178,"column":8},"end":{"line":178,"column":101}},"64":{"start":{"line":179,"column":8},"end":{"line":179,"column":39}},"65":{"start":{"line":181,"column":8},"end":{"line":181,"column":66}},"66":{"start":{"line":185,"column":8},"end":{"line":185,"column":102}},"67":{"start":{"line":186,"column":8},"end":{"line":186,"column":30}},"68":{"start":{"line":187,"column":8},"end":{"line":187,"column":82}},"69":{"start":{"line":189,"column":8},"end":{"line":189,"column":39}},"70":{"start":{"line":193,"column":8},"end":{"line":193,"column":102}},"71":{"start":{"line":194,"column":8},"end":{"line":194,"column":30}},"72":{"start":{"line":195,"column":8},"end":{"line":195,"column":37}},"73":{"start":{"line":197,"column":8},"end":{"line":197,"column":55}},"74":{"start":{"line":198,"column":8},"end":{"line":198,"column":35}},"75":{"start":{"line":203,"column":8},"end":{"line":203,"column":49}},"76":{"start":{"line":207,"column":8},"end":{"line":207,"column":77}},"77":{"start":{"line":211,"column":8},"end":{"line":211,"column":25}},"78":{"start":{"line":212,"column":8},"end":{"line":212,"column":9237}},"79":{"start":{"line":213,"column":12},"end":{"line":213,"column":39}},"80":{"start":{"line":214,"column":12},"end":{"line":214,"column":9341}},"81":{"start":{"line":219,"column":8},"end":{"line":219,"column":9433}},"82":{"start":{"line":220,"column":12},"end":{"line":220,"column":56}},"83":{"start":{"line":222,"column":8},"end":{"line":222,"column":86}},"84":{"start":{"line":226,"column":8},"end":{"line":226,"column":72}},"85":{"start":{"line":228,"column":8},"end":{"line":228,"column":41}}},"branchMap":{"1":{"line":42,"type":"if","locations":[{"start":{"line":42,"column":8},"end":{"line":42,"column":8}},{"start":{"line":42,"column":8},"end":{"line":42,"column":8}}]},"2":{"line":47,"type":"if","locations":[{"start":{"line":47,"column":8},"end":{"line":47,"column":8}},{"start":{"line":47,"column":8},"end":{"line":47,"column":8}}]},"3":{"line":51,"type":"if","locations":[{"start":{"line":51,"column":66},"end":{"line":51,"column":66}},{"start":{"line":51,"column":66},"end":{"line":51,"column":66}}]},"4":{"line":52,"type":"if","locations":[{"start":{"line":52,"column":8},"end":{"line":52,"column":8}},{"start":{"line":52,"column":8},"end":{"line":52,"column":8}}]},"5":{"line":66,"type":"if","locations":[{"start":{"line":66,"column":87},"end":{"line":66,"column":87}},{"start":{"line":66,"column":87},"end":{"line":66,"column":87}}]},"6":{"line":66,"type":"if","locations":[{"start":{"line":66,"column":100},"end":{"line":66,"column":100}},{"start":{"line":66,"column":100},"end":{"line":66,"column":100}}]},"7":{"line":74,"type":"if","locations":[{"start":{"line":74,"column":101},"end":{"line":74,"column":101}},{"start":{"line":74,"column":101},"end":{"line":74,"column":101}}]},"8":{"line":74,"type":"if","locations":[{"start":{"line":74,"column":114},"end":{"line":74,"column":114}},{"start":{"line":74,"column":114},"end":{"line":74,"column":114}}]},"9":{"line":77,"type":"if","locations":[{"start":{"line":77,"column":8},"end":{"line":77,"column":8}},{"start":{"line":77,"column":8},"end":{"line":77,"column":8}}]},"10":{"line":82,"type":"if","locations":[{"start":{"line":82,"column":97},"end":{"line":82,"column":97}},{"start":{"line":82,"column":97},"end":{"line":82,"column":97}}]},"11":{"line":82,"type":"if","locations":[{"start":{"line":82,"column":110},"end":{"line":82,"column":110}},{"start":{"line":82,"column":110},"end":{"line":82,"column":110}}]},"12":{"line":91,"type":"if","locations":[{"start":{"line":91,"column":91},"end":{"line":91,"column":91}},{"start":{"line":91,"column":91},"end":{"line":91,"column":91}}]},"13":{"line":91,"type":"if","locations":[{"start":{"line":91,"column":104},"end":{"line":91,"column":104}},{"start":{"line":91,"column":104},"end":{"line":91,"column":104}}]},"14":{"line":99,"type":"if","locations":[{"start":{"line":99,"column":105},"end":{"line":99,"column":105}},{"start":{"line":99,"column":105},"end":{"line":99,"column":105}}]},"15":{"line":99,"type":"if","locations":[{"start":{"line":99,"column":118},"end":{"line":99,"column":118}},{"start":{"line":99,"column":118},"end":{"line":99,"column":118}}]},"16":{"line":102,"type":"if","locations":[{"start":{"line":102,"column":8},"end":{"line":102,"column":8}},{"start":{"line":102,"column":8},"end":{"line":102,"column":8}}]},"17":{"line":107,"type":"if","locations":[{"start":{"line":107,"column":101},"end":{"line":107,"column":101}},{"start":{"line":107,"column":101},"end":{"line":107,"column":101}}]},"18":{"line":107,"type":"if","locations":[{"start":{"line":107,"column":114},"end":{"line":107,"column":114}},{"start":{"line":107,"column":114},"end":{"line":107,"column":114}}]},"19":{"line":116,"type":"if","locations":[{"start":{"line":116,"column":102},"end":{"line":116,"column":102}},{"start":{"line":116,"column":102},"end":{"line":116,"column":102}}]},"20":{"line":116,"type":"if","locations":[{"start":{"line":116,"column":115},"end":{"line":116,"column":115}},{"start":{"line":116,"column":115},"end":{"line":116,"column":115}}]},"21":{"line":124,"type":"if","locations":[{"start":{"line":124,"column":116},"end":{"line":124,"column":116}},{"start":{"line":124,"column":116},"end":{"line":124,"column":116}}]},"22":{"line":124,"type":"if","locations":[{"start":{"line":124,"column":129},"end":{"line":124,"column":129}},{"start":{"line":124,"column":129},"end":{"line":124,"column":129}}]},"23":{"line":127,"type":"if","locations":[{"start":{"line":127,"column":8},"end":{"line":127,"column":8}},{"start":{"line":127,"column":8},"end":{"line":127,"column":8}}]},"24":{"line":132,"type":"if","locations":[{"start":{"line":132,"column":112},"end":{"line":132,"column":112}},{"start":{"line":132,"column":112},"end":{"line":132,"column":112}}]},"25":{"line":132,"type":"if","locations":[{"start":{"line":132,"column":125},"end":{"line":132,"column":125}},{"start":{"line":132,"column":125},"end":{"line":132,"column":125}}]},"26":{"line":143,"type":"if","locations":[{"start":{"line":143,"column":95},"end":{"line":143,"column":95}},{"start":{"line":143,"column":95},"end":{"line":143,"column":95}}]},"27":{"line":143,"type":"if","locations":[{"start":{"line":143,"column":108},"end":{"line":143,"column":108}},{"start":{"line":143,"column":108},"end":{"line":143,"column":108}}]},"28":{"line":149,"type":"if","locations":[{"start":{"line":149,"column":70},"end":{"line":149,"column":70}},{"start":{"line":149,"column":70},"end":{"line":149,"column":70}}]},"29":{"line":149,"type":"if","locations":[{"start":{"line":149,"column":83},"end":{"line":149,"column":83}},{"start":{"line":149,"column":83},"end":{"line":149,"column":83}}]},"30":{"line":158,"type":"if","locations":[{"start":{"line":158,"column":84},"end":{"line":158,"column":84}},{"start":{"line":158,"column":84},"end":{"line":158,"column":84}}]},"31":{"line":158,"type":"if","locations":[{"start":{"line":158,"column":97},"end":{"line":158,"column":97}},{"start":{"line":158,"column":97},"end":{"line":158,"column":97}}]},"32":{"line":161,"type":"if","locations":[{"start":{"line":161,"column":8},"end":{"line":161,"column":8}},{"start":{"line":161,"column":8},"end":{"line":161,"column":8}}]},"33":{"line":166,"type":"if","locations":[{"start":{"line":166,"column":80},"end":{"line":166,"column":80}},{"start":{"line":166,"column":80},"end":{"line":166,"column":80}}]},"34":{"line":166,"type":"if","locations":[{"start":{"line":166,"column":93},"end":{"line":166,"column":93}},{"start":{"line":166,"column":93},"end":{"line":166,"column":93}}]},"35":{"line":175,"type":"if","locations":[{"start":{"line":175,"column":85},"end":{"line":175,"column":85}},{"start":{"line":175,"column":85},"end":{"line":175,"column":85}}]},"36":{"line":175,"type":"if","locations":[{"start":{"line":175,"column":98},"end":{"line":175,"column":98}},{"start":{"line":175,"column":98},"end":{"line":175,"column":98}}]},"37":{"line":184,"type":"if","locations":[{"start":{"line":184,"column":99},"end":{"line":184,"column":99}},{"start":{"line":184,"column":99},"end":{"line":184,"column":99}}]},"38":{"line":184,"type":"if","locations":[{"start":{"line":184,"column":112},"end":{"line":184,"column":112}},{"start":{"line":184,"column":112},"end":{"line":184,"column":112}}]},"39":{"line":187,"type":"if","locations":[{"start":{"line":187,"column":8},"end":{"line":187,"column":8}},{"start":{"line":187,"column":8},"end":{"line":187,"column":8}}]},"40":{"line":192,"type":"if","locations":[{"start":{"line":192,"column":95},"end":{"line":192,"column":95}},{"start":{"line":192,"column":95},"end":{"line":192,"column":95}}]},"41":{"line":192,"type":"if","locations":[{"start":{"line":192,"column":108},"end":{"line":192,"column":108}},{"start":{"line":192,"column":108},"end":{"line":192,"column":108}}]},"42":{"line":207,"type":"if","locations":[{"start":{"line":207,"column":8},"end":{"line":207,"column":8}},{"start":{"line":207,"column":8},"end":{"line":207,"column":8}}]},"43":{"line":214,"type":"if","locations":[{"start":{"line":214,"column":12},"end":{"line":214,"column":12}},{"start":{"line":214,"column":12},"end":{"line":214,"column":12}}]},"44":{"line":219,"type":"if","locations":[{"start":{"line":219,"column":8},"end":{"line":219,"column":8}},{"start":{"line":219,"column":8},"end":{"line":219,"column":8}}]},"45":{"line":222,"type":"if","locations":[{"start":{"line":222,"column":8},"end":{"line":222,"column":8}},{"start":{"line":222,"column":8},"end":{"line":222,"column":8}}]},"46":{"line":226,"type":"if","locations":[{"start":{"line":226,"column":8},"end":{"line":226,"column":8}},{"start":{"line":226,"column":8},"end":{"line":226,"column":8}}]}}},"contracts/amm/interfaces/IPancakeFactory.sol":{"l":{},"path":"/Users/bhargavkacharla/gmx/gmx-contracts/contracts/amm/interfaces/IPancakeFactory.sol","s":{},"b":{},"f":{},"fnMap":{},"statementMap":{},"branchMap":{}},"contracts/amm/interfaces/IPancakePair.sol":{"l":{},"path":"/Users/bhargavkacharla/gmx/gmx-contracts/contracts/amm/interfaces/IPancakePair.sol","s":{},"b":{},"f":{},"fnMap":{},"statementMap":{},"branchMap":{}},"contracts/amm/interfaces/IPancakeRouter.sol":{"l":{},"path":"/Users/bhargavkacharla/gmx/gmx-contracts/contracts/amm/interfaces/IPancakeRouter.sol","s":{},"b":{},"f":{},"fnMap":{},"statementMap":{},"branchMap":{}},"contracts/amm/PancakeFactory.sol":{"l":{"16":0,"17":0,"18":0,"20":0,"21":0,"25":0,"26":0,"28":0,"29":0,"31":0},"path":"/Users/bhargavkacharla/gmx/gmx-contracts/contracts/amm/PancakeFactory.sol","s":{"1":0,"2":0,"3":0,"4":0,"5":0},"b":{"1":[0,0],"2":[0,0]},"f":{"1":0,"2":0},"fnMap":{"1":{"name":"constructor","line":15,"loc":{"start":{"line":15,"column":4},"end":{"line":22,"column":4}}},"2":{"name":"getPair","line":24,"loc":{"start":{"line":24,"column":4},"end":{"line":32,"column":4}}}},"statementMap":{"1":{"start":{"line":25,"column":8},"end":{"line":25,"column":621}},"2":{"start":{"line":26,"column":12},"end":{"line":26,"column":30}},"3":{"start":{"line":28,"column":8},"end":{"line":28,"column":710}},"4":{"start":{"line":29,"column":12},"end":{"line":29,"column":29}},"5":{"start":{"line":31,"column":8},"end":{"line":31,"column":31}}},"branchMap":{"1":{"line":25,"type":"if","locations":[{"start":{"line":25,"column":8},"end":{"line":25,"column":8}},{"start":{"line":25,"column":8},"end":{"line":25,"column":8}}]},"2":{"line":28,"type":"if","locations":[{"start":{"line":28,"column":8},"end":{"line":28,"column":8}},{"start":{"line":28,"column":8},"end":{"line":28,"column":8}}]}}},"contracts/amm/PancakePair.sol":{"l":{"13":0,"14":0,"15":0,"19":0,"20":0,"21":0},"path":"/Users/bhargavkacharla/gmx/gmx-contracts/contracts/amm/PancakePair.sol","s":{},"b":{},"f":{"1":0,"2":0},"fnMap":{"1":{"name":"setReserves","line":12,"loc":{"start":{"line":12,"column":4},"end":{"line":16,"column":4}}},"2":{"name":"getReserves","line":18,"loc":{"start":{"line":18,"column":4},"end":{"line":22,"column":4}}}},"statementMap":{},"branchMap":{}},"contracts/amm/PancakeRouter.sol":{"l":{"13":0,"26":0,"28":0,"30":0,"31":0,"33":0,"34":0,"35":0},"path":"/Users/bhargavkacharla/gmx/gmx-contracts/contracts/amm/PancakeRouter.sol","s":{"1":0,"2":0,"3":0,"4":0},"b":{"1":[0,0]},"f":{"1":0,"2":0},"fnMap":{"1":{"name":"constructor","line":12,"loc":{"start":{"line":12,"column":4},"end":{"line":14,"column":4}}},"2":{"name":"addLiquidity","line":16,"loc":{"start":{"line":16,"column":4},"end":{"line":36,"column":4}}}},"statementMap":{"1":{"start":{"line":26,"column":8},"end":{"line":26,"column":69}},"2":{"start":{"line":28,"column":8},"end":{"line":28,"column":33}},"3":{"start":{"line":30,"column":8},"end":{"line":30,"column":68}},"4":{"start":{"line":31,"column":8},"end":{"line":31,"column":68}}},"branchMap":{"1":{"line":26,"type":"if","locations":[{"start":{"line":26,"column":8},"end":{"line":26,"column":8}},{"start":{"line":26,"column":8},"end":{"line":26,"column":8}}]}}},"contracts/amm/UniFactory.sol":{"l":{},"path":"/Users/bhargavkacharla/gmx/gmx-contracts/contracts/amm/UniFactory.sol","s":{},"b":{},"f":{},"fnMap":{},"statementMap":{},"branchMap":{}},"contracts/amm/UniNftManager.sol":{"l":{"32":0},"path":"/Users/bhargavkacharla/gmx/gmx-contracts/contracts/amm/UniNftManager.sol","s":{"1":0},"b":{},"f":{"1":0,"2":0,"3":0},"fnMap":{"1":{"name":"positions","line":14,"loc":{"start":{"line":14,"column":4},"end":{"line":46,"column":4}}},"2":{"name":"collect","line":48,"loc":{"start":{"line":48,"column":4},"end":{"line":48,"column":105}}},"3":{"name":"ownerOf","line":50,"loc":{"start":{"line":50,"column":4},"end":{"line":50,"column":71}}}},"statementMap":{"1":{"start":{"line":32,"column":8},"end":{"line":32,"column":769}}},"branchMap":{}},"contracts/amm/UniPool.sol":{"l":{"33":0},"path":"/Users/bhargavkacharla/gmx/gmx-contracts/contracts/amm/UniPool.sol","s":{"1":0,"2":0},"b":{},"f":{"1":0,"2":0},"fnMap":{"1":{"name":"tickSpacing","line":26,"loc":{"start":{"line":26,"column":4},"end":{"line":26,"column":69}}},"2":{"name":"observe","line":28,"loc":{"start":{"line":28,"column":4},"end":{"line":34,"column":4}}}},"statementMap":{"1":{"start":{"line":26,"column":59},"end":{"line":26,"column":67}},"2":{"start":{"line":33,"column":8},"end":{"line":33,"column":68}}},"branchMap":{}},"contracts/core/BasePositionManager.sol":{"l":{"85":0,"86":0,"96":0,"97":0,"98":0,"99":0,"100":0,"102":0,"106":0,"110":0,"111":0,"115":0,"116":0,"120":0,"121":0,"125":0,"126":0,"130":0,"131":0,"139":0,"140":0,"141":0,"142":0,"145":0,"149":0,"150":0,"152":0,"153":0,"155":0,"159":0,"163":0,"167":0,"168":0,"171":0,"172":0,"173":0,"174":0,"177":0,"178":0,"179":0,"185":0,"187":0,"199":0,"203":0,"205":0,"206":0,"207":0,"209":0,"212":0,"215":0,"217":0,"218":0,"219":0,"221":0,"226":0,"230":0,"231":0,"233":0,"237":0,"238":0,"239":0,"243":0,"244":0,"249":0,"250":0,"252":0,"254":0,"257":0,"258":0,"269":0,"280":0,"281":0,"282":0,"283":0,"284":0,"285":0,"288":0,"292":0,"293":0,"296":0,"297":0,"299":0,"301":0,"311":0,"312":0,"314":0,"315":0,"317":0,"319":0},"path":"/Users/bhargavkacharla/gmx/gmx-contracts/contracts/core/BasePositionManager.sol","s":{"1":0,"2":0,"3":0,"4":0,"5":0,"6":0,"7":0,"8":0,"9":0,"10":0,"11":0,"12":0,"13":0,"14":0,"15":0,"16":0,"17":0,"18":0,"19":0,"20":0,"21":0,"22":0,"23":0,"24":0,"25":0,"26":0,"27":0,"28":0,"29":0,"30":0,"31":0,"32":0,"33":0,"34":0,"35":0,"36":0,"37":0,"38":0,"39":0,"40":0,"41":0,"42":0,"43":0,"44":0,"45":0,"46":0,"47":0,"48":0,"49":0,"50":0,"51":0,"52":0,"53":0,"54":0,"55":0,"56":0,"57":0,"58":0,"59":0,"60":0,"61":0,"62":0,"63":0,"64":0,"65":0,"66":0,"67":0,"68":0,"69":0,"70":0,"71":0,"72":0,"73":0,"74":0,"75":0,"76":0,"77":0,"78":0},"b":{"1":[0,0],"2":[0,0],"3":[0,0],"4":[0,0],"5":[0,0],"6":[0,0],"7":[0,0],"8":[0,0],"9":[0,0],"10":[0,0],"11":[0,0],"12":[0,0],"13":[0,0],"14":[0,0],"15":[0,0],"16":[0,0],"17":[0,0],"18":[0,0],"19":[0,0],"20":[0,0],"21":[0,0],"22":[0,0],"23":[0,0],"24":[0,0],"25":[0,0],"26":[0,0],"27":[0,0],"28":[0,0],"29":[0,0]},"f":{"1":0,"2":0,"3":0,"4":0,"5":0,"6":0,"7":0,"8":0,"9":0,"10":0,"11":0,"12":0,"13":0,"14":0,"15":0,"16":0,"17":0,"18":0,"19":0,"20":0,"21":0},"fnMap":{"1":{"name":"onlyAdmin","line":84,"loc":{"start":{"line":84,"column":4},"end":{"line":87,"column":4}}},"2":{"name":"constructor","line":89,"loc":{"start":{"line":89,"column":4},"end":{"line":103,"column":4}}},"3":{"name":"setAdmin","line":109,"loc":{"start":{"line":109,"column":4},"end":{"line":112,"column":4}}},"4":{"name":"setEthTransferGasLimit","line":114,"loc":{"start":{"line":114,"column":4},"end":{"line":117,"column":4}}},"5":{"name":"setDepositFee","line":119,"loc":{"start":{"line":119,"column":4},"end":{"line":122,"column":4}}},"6":{"name":"setIncreasePositionBufferBps","line":124,"loc":{"start":{"line":124,"column":4},"end":{"line":127,"column":4}}},"7":{"name":"setReferralStorage","line":129,"loc":{"start":{"line":129,"column":4},"end":{"line":132,"column":4}}},"8":{"name":"setMaxGlobalSizes","line":138,"loc":{"start":{"line":134,"column":4},"end":{"line":146,"column":4}}},"9":{"name":"withdrawFees","line":148,"loc":{"start":{"line":148,"column":4},"end":{"line":156,"column":4}}},"10":{"name":"approve","line":158,"loc":{"start":{"line":158,"column":4},"end":{"line":160,"column":4}}},"11":{"name":"sendValue","line":162,"loc":{"start":{"line":162,"column":4},"end":{"line":164,"column":4}}},"12":{"name":"_validateMaxGlobalSize","line":166,"loc":{"start":{"line":166,"column":4},"end":{"line":182,"column":4}}},"13":{"name":"_increasePosition","line":184,"loc":{"start":{"line":184,"column":4},"end":{"line":200,"column":4}}},"14":{"name":"_decreasePosition","line":202,"loc":{"start":{"line":202,"column":4},"end":{"line":227,"column":4}}},"15":{"name":"_swap","line":229,"loc":{"start":{"line":229,"column":4},"end":{"line":234,"column":4}}},"16":{"name":"_vaultSwap","line":236,"loc":{"start":{"line":236,"column":4},"end":{"line":240,"column":4}}},"17":{"name":"_transferInETH","line":242,"loc":{"start":{"line":242,"column":4},"end":{"line":246,"column":4}}},"18":{"name":"_transferOutETHWithGasLimitFallbackToWeth","line":248,"loc":{"start":{"line":248,"column":4},"end":{"line":259,"column":4}}},"19":{"name":"_collectFees","line":261,"loc":{"start":{"line":261,"column":4},"end":{"line":289,"column":4}}},"20":{"name":"_emitIncreasePositionReferral","line":291,"loc":{"start":{"line":291,"column":4},"end":{"line":308,"column":4}}},"21":{"name":"_emitDecreasePositionReferral","line":310,"loc":{"start":{"line":310,"column":4},"end":{"line":326,"column":4}}}},"statementMap":{"1":{"start":{"line":85,"column":8},"end":{"line":85,"column":48}},"2":{"start":{"line":111,"column":8},"end":{"line":111,"column":29}},"3":{"start":{"line":116,"column":8},"end":{"line":116,"column":57}},"4":{"start":{"line":121,"column":8},"end":{"line":121,"column":39}},"5":{"start":{"line":126,"column":8},"end":{"line":126,"column":69}},"6":{"start":{"line":131,"column":8},"end":{"line":131,"column":49}},"7":{"start":{"line":139,"column":8},"end":{"line":139,"column":4208}},"8":{"start":{"line":140,"column":12},"end":{"line":140,"column":38}},"9":{"start":{"line":145,"column":8},"end":{"line":145,"column":64}},"10":{"start":{"line":149,"column":8},"end":{"line":149,"column":44}},"11":{"start":{"line":150,"column":8},"end":{"line":150,"column":35}},"12":{"start":{"line":150,"column":27},"end":{"line":150,"column":33}},"13":{"start":{"line":153,"column":8},"end":{"line":153,"column":53}},"14":{"start":{"line":155,"column":8},"end":{"line":155,"column":52}},"15":{"start":{"line":159,"column":8},"end":{"line":159,"column":48}},"16":{"start":{"line":163,"column":8},"end":{"line":163,"column":35}},"17":{"start":{"line":167,"column":8},"end":{"line":167,"column":5203}},"18":{"start":{"line":168,"column":12},"end":{"line":168,"column":18}},"19":{"start":{"line":171,"column":8},"end":{"line":171,"column":5265}},"20":{"start":{"line":172,"column":12},"end":{"line":172,"column":71}},"21":{"start":{"line":173,"column":12},"end":{"line":173,"column":5369}},"22":{"start":{"line":174,"column":16},"end":{"line":174,"column":43}},"23":{"start":{"line":177,"column":12},"end":{"line":177,"column":73}},"24":{"start":{"line":178,"column":12},"end":{"line":178,"column":5642}},"25":{"start":{"line":179,"column":16},"end":{"line":179,"column":44}},"26":{"start":{"line":185,"column":8},"end":{"line":185,"column":63}},"27":{"start":{"line":187,"column":8},"end":{"line":187,"column":6062}},"28":{"start":{"line":199,"column":8},"end":{"line":199,"column":58}},"29":{"start":{"line":203,"column":8},"end":{"line":203,"column":30}},"30":{"start":{"line":205,"column":8},"end":{"line":205,"column":119}},"31":{"start":{"line":206,"column":8},"end":{"line":206,"column":6763}},"32":{"start":{"line":207,"column":12},"end":{"line":207,"column":60}},"33":{"start":{"line":209,"column":12},"end":{"line":209,"column":60}},"34":{"start":{"line":212,"column":8},"end":{"line":212,"column":47}},"35":{"start":{"line":215,"column":8},"end":{"line":215,"column":138}},"36":{"start":{"line":217,"column":8},"end":{"line":217,"column":49}},"37":{"start":{"line":218,"column":8},"end":{"line":218,"column":157}},"38":{"start":{"line":219,"column":8},"end":{"line":219,"column":50}},"39":{"start":{"line":221,"column":8},"end":{"line":221,"column":7470}},"40":{"start":{"line":226,"column":8},"end":{"line":226,"column":24}},"41":{"start":{"line":230,"column":8},"end":{"line":230,"column":7707}},"42":{"start":{"line":231,"column":12},"end":{"line":231,"column":69}},"43":{"start":{"line":233,"column":8},"end":{"line":233,"column":37}},"44":{"start":{"line":237,"column":8},"end":{"line":237,"column":78}},"45":{"start":{"line":238,"column":8},"end":{"line":238,"column":62}},"46":{"start":{"line":239,"column":8},"end":{"line":239,"column":24}},"47":{"start":{"line":243,"column":8},"end":{"line":243,"column":8213}},"48":{"start":{"line":244,"column":12},"end":{"line":244,"column":50}},"49":{"start":{"line":249,"column":8},"end":{"line":249,"column":33}},"50":{"start":{"line":250,"column":8},"end":{"line":250,"column":33}},"51":{"start":{"line":252,"column":8},"end":{"line":252,"column":115}},"52":{"start":{"line":254,"column":8},"end":{"line":254,"column":31}},"53":{"start":{"line":254,"column":23},"end":{"line":254,"column":29}},"54":{"start":{"line":257,"column":8},"end":{"line":257,"column":43}},"55":{"start":{"line":258,"column":8},"end":{"line":258,"column":53}},"56":{"start":{"line":269,"column":8},"end":{"line":269,"column":9066}},"57":{"start":{"line":280,"column":8},"end":{"line":280,"column":9330}},"58":{"start":{"line":281,"column":12},"end":{"line":281,"column":114}},"59":{"start":{"line":282,"column":12},"end":{"line":282,"column":61}},"60":{"start":{"line":283,"column":12},"end":{"line":283,"column":54}},"61":{"start":{"line":285,"column":12},"end":{"line":285,"column":33}},"62":{"start":{"line":288,"column":8},"end":{"line":288,"column":24}},"63":{"start":{"line":292,"column":8},"end":{"line":292,"column":50}},"64":{"start":{"line":293,"column":8},"end":{"line":293,"column":54}},"65":{"start":{"line":293,"column":46},"end":{"line":293,"column":52}},"66":{"start":{"line":296,"column":8},"end":{"line":296,"column":117}},"67":{"start":{"line":297,"column":8},"end":{"line":297,"column":50}},"68":{"start":{"line":297,"column":42},"end":{"line":297,"column":48}},"69":{"start":{"line":299,"column":8},"end":{"line":299,"column":46}},"70":{"start":{"line":301,"column":8},"end":{"line":301,"column":10173}},"71":{"start":{"line":311,"column":8},"end":{"line":311,"column":50}},"72":{"start":{"line":312,"column":8},"end":{"line":312,"column":54}},"73":{"start":{"line":312,"column":46},"end":{"line":312,"column":52}},"74":{"start":{"line":314,"column":8},"end":{"line":314,"column":117}},"75":{"start":{"line":315,"column":8},"end":{"line":315,"column":50}},"76":{"start":{"line":315,"column":42},"end":{"line":315,"column":48}},"77":{"start":{"line":317,"column":8},"end":{"line":317,"column":46}},"78":{"start":{"line":319,"column":8},"end":{"line":319,"column":10801}}},"branchMap":{"1":{"line":85,"type":"if","locations":[{"start":{"line":85,"column":8},"end":{"line":85,"column":8}},{"start":{"line":85,"column":8},"end":{"line":85,"column":8}}]},"2":{"line":106,"type":"if","locations":[{"start":{"line":106,"column":8},"end":{"line":106,"column":8}},{"start":{"line":106,"column":8},"end":{"line":106,"column":8}}]},"3":{"line":109,"type":"if","locations":[{"start":{"line":109,"column":47},"end":{"line":109,"column":47}},{"start":{"line":109,"column":47},"end":{"line":109,"column":47}}]},"4":{"line":114,"type":"if","locations":[{"start":{"line":114,"column":75},"end":{"line":114,"column":75}},{"start":{"line":114,"column":75},"end":{"line":114,"column":75}}]},"5":{"line":119,"type":"if","locations":[{"start":{"line":119,"column":57},"end":{"line":119,"column":57}},{"start":{"line":119,"column":57},"end":{"line":119,"column":57}}]},"6":{"line":124,"type":"if","locations":[{"start":{"line":124,"column":87},"end":{"line":124,"column":87}},{"start":{"line":124,"column":87},"end":{"line":124,"column":87}}]},"7":{"line":129,"type":"if","locations":[{"start":{"line":129,"column":67},"end":{"line":129,"column":67}},{"start":{"line":129,"column":67},"end":{"line":129,"column":67}}]},"8":{"line":138,"type":"if","locations":[{"start":{"line":138,"column":15},"end":{"line":138,"column":15}},{"start":{"line":138,"column":15},"end":{"line":138,"column":15}}]},"9":{"line":148,"type":"if","locations":[{"start":{"line":148,"column":70},"end":{"line":148,"column":70}},{"start":{"line":148,"column":70},"end":{"line":148,"column":70}}]},"10":{"line":150,"type":"if","locations":[{"start":{"line":150,"column":8},"end":{"line":150,"column":8}},{"start":{"line":150,"column":8},"end":{"line":150,"column":8}}]},"11":{"line":158,"type":"if","locations":[{"start":{"line":158,"column":81},"end":{"line":158,"column":81}},{"start":{"line":158,"column":81},"end":{"line":158,"column":81}}]},"12":{"line":162,"type":"if","locations":[{"start":{"line":162,"column":76},"end":{"line":162,"column":76}},{"start":{"line":162,"column":76},"end":{"line":162,"column":76}}]},"13":{"line":167,"type":"if","locations":[{"start":{"line":167,"column":8},"end":{"line":167,"column":8}},{"start":{"line":167,"column":8},"end":{"line":167,"column":8}}]},"14":{"line":171,"type":"if","locations":[{"start":{"line":171,"column":8},"end":{"line":171,"column":8}},{"start":{"line":171,"column":8},"end":{"line":171,"column":8}}]},"15":{"line":173,"type":"if","locations":[{"start":{"line":173,"column":12},"end":{"line":173,"column":12}},{"start":{"line":173,"column":12},"end":{"line":173,"column":12}}]},"16":{"line":178,"type":"if","locations":[{"start":{"line":178,"column":12},"end":{"line":178,"column":12}},{"start":{"line":178,"column":12},"end":{"line":178,"column":12}}]},"17":{"line":205,"type":"if","locations":[{"start":{"line":205,"column":38},"end":{"line":205,"column":76}},{"start":{"line":205,"column":80},"end":{"line":205,"column":118}}]},"18":{"line":206,"type":"if","locations":[{"start":{"line":206,"column":8},"end":{"line":206,"column":8}},{"start":{"line":206,"column":8},"end":{"line":206,"column":8}}]},"19":{"line":207,"type":"if","locations":[{"start":{"line":207,"column":12},"end":{"line":207,"column":12}},{"start":{"line":207,"column":12},"end":{"line":207,"column":12}}]},"20":{"line":209,"type":"if","locations":[{"start":{"line":209,"column":12},"end":{"line":209,"column":12}},{"start":{"line":209,"column":12},"end":{"line":209,"column":12}}]},"21":{"line":230,"type":"if","locations":[{"start":{"line":230,"column":8},"end":{"line":230,"column":8}},{"start":{"line":230,"column":8},"end":{"line":230,"column":8}}]},"22":{"line":238,"type":"if","locations":[{"start":{"line":238,"column":8},"end":{"line":238,"column":8}},{"start":{"line":238,"column":8},"end":{"line":238,"column":8}}]},"23":{"line":243,"type":"if","locations":[{"start":{"line":243,"column":8},"end":{"line":243,"column":8}},{"start":{"line":243,"column":8},"end":{"line":243,"column":8}}]},"24":{"line":254,"type":"if","locations":[{"start":{"line":254,"column":8},"end":{"line":254,"column":8}},{"start":{"line":254,"column":8},"end":{"line":254,"column":8}}]},"25":{"line":280,"type":"if","locations":[{"start":{"line":280,"column":8},"end":{"line":280,"column":8}},{"start":{"line":280,"column":8},"end":{"line":280,"column":8}}]},"26":{"line":293,"type":"if","locations":[{"start":{"line":293,"column":8},"end":{"line":293,"column":8}},{"start":{"line":293,"column":8},"end":{"line":293,"column":8}}]},"27":{"line":297,"type":"if","locations":[{"start":{"line":297,"column":8},"end":{"line":297,"column":8}},{"start":{"line":297,"column":8},"end":{"line":297,"column":8}}]},"28":{"line":312,"type":"if","locations":[{"start":{"line":312,"column":8},"end":{"line":312,"column":8}},{"start":{"line":312,"column":8},"end":{"line":312,"column":8}}]},"29":{"line":315,"type":"if","locations":[{"start":{"line":315,"column":8},"end":{"line":315,"column":8}},{"start":{"line":315,"column":8},"end":{"line":315,"column":8}}]}}},"contracts/core/GlpManager.sol":{"l":{"63":3,"64":3,"65":3,"66":3,"67":3,"68":3,"72":0,"76":0,"80":0,"81":0,"85":0,"89":0,"90":0,"94":0,"95":0,"99":0,"100":0,"104":0,"105":0,"109":0,"110":0,"114":0,"115":0,"119":0,"120":0,"121":0,"125":0,"126":0,"127":0,"128":0,"132":6,"133":6,"137":6,"138":6,"139":6,"140":6,"142":6,"143":12,"144":12,"146":12,"147":0,"150":12,"151":12,"152":12,"154":12,"155":0,"158":12,"160":12,"161":0,"162":0,"164":0,"166":0,"170":12,"172":12,"173":12,"177":6,"178":6,"182":0,"183":0,"184":0,"185":0,"189":0,"190":0,"191":0,"194":0,"195":0,"196":0,"198":0,"201":0,"202":0,"204":0,"210":0,"213":0,"214":0,"216":0,"217":0,"218":0,"220":0,"221":0,"223":0,"225":0,"227":0,"229":0,"233":0,"234":0,"237":0,"238":0,"240":0,"241":0,"242":0,"243":0,"246":0,"248":0,"249":0,"250":0,"252":0,"254":0,"258":0},"path":"/Users/bhargavkacharla/gmx/gmx-contracts/contracts/core/GlpManager.sol","s":{"1":0,"2":0,"3":0,"4":0,"5":0,"6":0,"7":0,"8":0,"9":0,"10":0,"11":0,"12":0,"13":0,"14":0,"15":0,"16":0,"17":0,"18":6,"19":6,"20":6,"21":6,"22":6,"23":6,"24":6,"25":12,"26":12,"27":12,"28":12,"29":12,"30":12,"31":12,"32":12,"33":12,"34":0,"35":0,"36":12,"37":6,"38":0,"39":0,"40":0,"41":0,"42":0,"43":0,"44":0,"45":0,"46":0,"47":0,"48":0,"49":0,"50":0,"51":0,"52":0,"53":0,"54":0,"55":0,"56":0,"57":0,"58":0,"59":0,"60":0,"61":0,"62":0,"63":0,"64":0,"65":0,"66":0,"67":0,"68":0,"69":0,"70":0,"71":0,"72":0,"73":0,"74":0,"75":0,"76":0,"77":0,"78":0},"b":{"1":[0,0],"2":[0,0],"3":[0,0],"4":[0,0],"5":[0,0],"6":[0,0],"7":[0,0],"8":[0,0],"9":[0,0],"10":[0,0],"11":[0,0],"12":[0,0],"13":[0,0],"14":[0,0],"15":[0,12],"16":[0,12],"17":[0,12],"18":[0,12],"19":[0,0],"20":[0,6],"21":[0,6],"22":[0,0],"23":[0,0],"24":[0,0],"25":[0,0],"26":[0,0],"27":[0,0],"28":[0,0],"29":[0,0],"30":[0,0],"31":[0,0],"32":[0,0],"33":[0,0],"34":[0,0],"35":[0,0]},"f":{"1":3,"2":0,"3":0,"4":0,"5":0,"6":0,"7":0,"8":0,"9":0,"10":0,"11":0,"12":0,"13":0,"14":6,"15":6,"16":0,"17":0,"18":0,"19":0,"20":0},"fnMap":{"1":{"name":"constructor","line":62,"loc":{"start":{"line":62,"column":4},"end":{"line":69,"column":4}}},"2":{"name":"setInPrivateMode","line":71,"loc":{"start":{"line":71,"column":4},"end":{"line":73,"column":4}}},"3":{"name":"setShortsTracker","line":75,"loc":{"start":{"line":75,"column":4},"end":{"line":77,"column":4}}},"4":{"name":"setShortsTrackerAveragePriceWeight","line":79,"loc":{"start":{"line":79,"column":4},"end":{"line":82,"column":4}}},"5":{"name":"setHandler","line":84,"loc":{"start":{"line":84,"column":4},"end":{"line":86,"column":4}}},"6":{"name":"setCooldownDuration","line":88,"loc":{"start":{"line":88,"column":4},"end":{"line":91,"column":4}}},"7":{"name":"setAumAdjustment","line":93,"loc":{"start":{"line":93,"column":4},"end":{"line":96,"column":4}}},"8":{"name":"addLiquidity","line":98,"loc":{"start":{"line":98,"column":4},"end":{"line":101,"column":4}}},"9":{"name":"addLiquidityForAccount","line":103,"loc":{"start":{"line":103,"column":4},"end":{"line":106,"column":4}}},"10":{"name":"removeLiquidity","line":108,"loc":{"start":{"line":108,"column":4},"end":{"line":111,"column":4}}},"11":{"name":"removeLiquidityForAccount","line":113,"loc":{"start":{"line":113,"column":4},"end":{"line":116,"column":4}}},"12":{"name":"getPrice","line":118,"loc":{"start":{"line":118,"column":4},"end":{"line":122,"column":4}}},"13":{"name":"getAums","line":124,"loc":{"start":{"line":124,"column":4},"end":{"line":129,"column":4}}},"14":{"name":"getAumInUsdg","line":131,"loc":{"start":{"line":131,"column":4},"end":{"line":134,"column":4}}},"15":{"name":"getAum","line":136,"loc":{"start":{"line":136,"column":4},"end":{"line":179,"column":4}}},"16":{"name":"getGlobalShortDelta","line":181,"loc":{"start":{"line":181,"column":4},"end":{"line":186,"column":4}}},"17":{"name":"getGlobalShortAveragePrice","line":188,"loc":{"start":{"line":188,"column":4},"end":{"line":207,"column":4}}},"18":{"name":"_addLiquidity","line":209,"loc":{"start":{"line":209,"column":4},"end":{"line":230,"column":4}}},"19":{"name":"_removeLiquidity","line":232,"loc":{"start":{"line":232,"column":4},"end":{"line":255,"column":4}}},"20":{"name":"_validateHandler","line":257,"loc":{"start":{"line":257,"column":4},"end":{"line":259,"column":4}}}},"statementMap":{"1":{"start":{"line":80,"column":8},"end":{"line":80,"column":101}},"2":{"start":{"line":89,"column":8},"end":{"line":89,"column":99}},"3":{"start":{"line":99,"column":8},"end":{"line":99,"column":71}},"4":{"start":{"line":99,"column":29},"end":{"line":99,"column":68}},"5":{"start":{"line":100,"column":8},"end":{"line":100,"column":88}},"6":{"start":{"line":104,"column":8},"end":{"line":104,"column":25}},"7":{"start":{"line":105,"column":8},"end":{"line":105,"column":91}},"8":{"start":{"line":109,"column":8},"end":{"line":109,"column":71}},"9":{"start":{"line":109,"column":29},"end":{"line":109,"column":68}},"10":{"start":{"line":110,"column":8},"end":{"line":110,"column":86}},"11":{"start":{"line":114,"column":8},"end":{"line":114,"column":25}},"12":{"start":{"line":115,"column":8},"end":{"line":115,"column":84}},"13":{"start":{"line":119,"column":8},"end":{"line":119,"column":39}},"14":{"start":{"line":120,"column":8},"end":{"line":120,"column":50}},"15":{"start":{"line":121,"column":8},"end":{"line":121,"column":49}},"16":{"start":{"line":125,"column":8},"end":{"line":125,"column":51}},"17":{"start":{"line":128,"column":8},"end":{"line":128,"column":22}},"18":{"start":{"line":132,"column":8},"end":{"line":132,"column":38}},"19":{"start":{"line":133,"column":8},"end":{"line":133,"column":64}},"20":{"start":{"line":137,"column":8},"end":{"line":137,"column":59}},"21":{"start":{"line":138,"column":8},"end":{"line":138,"column":33}},"22":{"start":{"line":139,"column":8},"end":{"line":139,"column":32}},"23":{"start":{"line":140,"column":8},"end":{"line":140,"column":29}},"24":{"start":{"line":142,"column":8},"end":{"line":142,"column":5333}},"25":{"start":{"line":143,"column":12},"end":{"line":143,"column":57}},"26":{"start":{"line":144,"column":12},"end":{"line":144,"column":63}},"27":{"start":{"line":146,"column":12},"end":{"line":146,"column":5513}},"28":{"start":{"line":150,"column":12},"end":{"line":150,"column":92}},"29":{"start":{"line":151,"column":12},"end":{"line":151,"column":58}},"30":{"start":{"line":152,"column":12},"end":{"line":152,"column":58}},"31":{"start":{"line":154,"column":12},"end":{"line":154,"column":5803}},"32":{"start":{"line":158,"column":16},"end":{"line":158,"column":61}},"33":{"start":{"line":160,"column":16},"end":{"line":160,"column":6066}},"34":{"start":{"line":161,"column":20},"end":{"line":161,"column":93}},"35":{"start":{"line":162,"column":20},"end":{"line":162,"column":6201}},"36":{"start":{"line":172,"column":16},"end":{"line":172,"column":70}},"37":{"start":{"line":178,"column":8},"end":{"line":178,"column":61}},"38":{"start":{"line":182,"column":8},"end":{"line":182,"column":65}},"39":{"start":{"line":183,"column":8},"end":{"line":183,"column":104}},"40":{"start":{"line":184,"column":8},"end":{"line":184,"column":63}},"41":{"start":{"line":185,"column":8},"end":{"line":185,"column":45}},"42":{"start":{"line":189,"column":8},"end":{"line":189,"column":53}},"43":{"start":{"line":190,"column":8},"end":{"line":190,"column":7382}},"44":{"start":{"line":191,"column":12},"end":{"line":191,"column":57}},"45":{"start":{"line":194,"column":8},"end":{"line":194,"column":82}},"46":{"start":{"line":195,"column":8},"end":{"line":195,"column":7633}},"47":{"start":{"line":196,"column":12},"end":{"line":196,"column":57}},"48":{"start":{"line":197,"column":15},"end":{"line":197,"column":7752}},"49":{"start":{"line":198,"column":12},"end":{"line":198,"column":66}},"50":{"start":{"line":201,"column":8},"end":{"line":201,"column":74}},"51":{"start":{"line":202,"column":8},"end":{"line":202,"column":91}},"52":{"start":{"line":204,"column":8},"end":{"line":204,"column":8103}},"53":{"start":{"line":210,"column":8},"end":{"line":210,"column":58}},"54":{"start":{"line":213,"column":8},"end":{"line":213,"column":46}},"55":{"start":{"line":214,"column":8},"end":{"line":214,"column":53}},"56":{"start":{"line":216,"column":8},"end":{"line":216,"column":80}},"57":{"start":{"line":217,"column":8},"end":{"line":217,"column":65}},"58":{"start":{"line":218,"column":8},"end":{"line":218,"column":78}},"59":{"start":{"line":220,"column":8},"end":{"line":220,"column":99}},"60":{"start":{"line":221,"column":8},"end":{"line":221,"column":76}},"61":{"start":{"line":223,"column":8},"end":{"line":223,"column":48}},"62":{"start":{"line":227,"column":8},"end":{"line":227,"column":98}},"63":{"start":{"line":229,"column":8},"end":{"line":229,"column":25}},"64":{"start":{"line":233,"column":8},"end":{"line":233,"column":64}},"65":{"start":{"line":234,"column":8},"end":{"line":234,"column":126}},"66":{"start":{"line":237,"column":8},"end":{"line":237,"column":47}},"67":{"start":{"line":238,"column":8},"end":{"line":238,"column":53}},"68":{"start":{"line":240,"column":8},"end":{"line":240,"column":69}},"69":{"start":{"line":241,"column":8},"end":{"line":241,"column":67}},"70":{"start":{"line":242,"column":8},"end":{"line":242,"column":9955}},"71":{"start":{"line":243,"column":12},"end":{"line":243,"column":71}},"72":{"start":{"line":246,"column":8},"end":{"line":246,"column":48}},"73":{"start":{"line":248,"column":8},"end":{"line":248,"column":56}},"74":{"start":{"line":249,"column":8},"end":{"line":249,"column":64}},"75":{"start":{"line":250,"column":8},"end":{"line":250,"column":71}},"76":{"start":{"line":252,"column":8},"end":{"line":252,"column":106}},"77":{"start":{"line":254,"column":8},"end":{"line":254,"column":24}},"78":{"start":{"line":258,"column":8},"end":{"line":258,"column":62}}},"branchMap":{"1":{"line":71,"type":"if","locations":[{"start":{"line":71,"column":60},"end":{"line":71,"column":60}},{"start":{"line":71,"column":60},"end":{"line":71,"column":60}}]},"2":{"line":75,"type":"if","locations":[{"start":{"line":75,"column":70},"end":{"line":75,"column":70}},{"start":{"line":75,"column":70},"end":{"line":75,"column":70}}]},"3":{"line":79,"type":"if","locations":[{"start":{"line":79,"column":108},"end":{"line":79,"column":108}},{"start":{"line":79,"column":108},"end":{"line":79,"column":108}}]},"4":{"line":80,"type":"if","locations":[{"start":{"line":80,"column":8},"end":{"line":80,"column":8}},{"start":{"line":80,"column":8},"end":{"line":80,"column":8}}]},"5":{"line":84,"type":"if","locations":[{"start":{"line":84,"column":67},"end":{"line":84,"column":67}},{"start":{"line":84,"column":67},"end":{"line":84,"column":67}}]},"6":{"line":88,"type":"if","locations":[{"start":{"line":88,"column":78},"end":{"line":88,"column":78}},{"start":{"line":88,"column":78},"end":{"line":88,"column":78}}]},"7":{"line":89,"type":"if","locations":[{"start":{"line":89,"column":8},"end":{"line":89,"column":8}},{"start":{"line":89,"column":8},"end":{"line":89,"column":8}}]},"8":{"line":93,"type":"if","locations":[{"start":{"line":93,"column":84},"end":{"line":93,"column":84}},{"start":{"line":93,"column":84},"end":{"line":93,"column":84}}]},"9":{"line":98,"type":"if","locations":[{"start":{"line":98,"column":112},"end":{"line":98,"column":112}},{"start":{"line":98,"column":112},"end":{"line":98,"column":112}}]},"10":{"line":99,"type":"if","locations":[{"start":{"line":99,"column":8},"end":{"line":99,"column":8}},{"start":{"line":99,"column":8},"end":{"line":99,"column":8}}]},"11":{"line":103,"type":"if","locations":[{"start":{"line":103,"column":165},"end":{"line":103,"column":165}},{"start":{"line":103,"column":165},"end":{"line":103,"column":165}}]},"12":{"line":108,"type":"if","locations":[{"start":{"line":108,"column":122},"end":{"line":108,"column":122}},{"start":{"line":108,"column":122},"end":{"line":108,"column":122}}]},"13":{"line":109,"type":"if","locations":[{"start":{"line":109,"column":8},"end":{"line":109,"column":8}},{"start":{"line":109,"column":8},"end":{"line":109,"column":8}}]},"14":{"line":113,"type":"if","locations":[{"start":{"line":113,"column":150},"end":{"line":113,"column":150}},{"start":{"line":113,"column":150},"end":{"line":113,"column":150}}]},"15":{"line":146,"type":"if","locations":[{"start":{"line":146,"column":12},"end":{"line":146,"column":12}},{"start":{"line":146,"column":12},"end":{"line":146,"column":12}}]},"16":{"line":150,"type":"if","locations":[{"start":{"line":150,"column":39},"end":{"line":150,"column":63}},{"start":{"line":150,"column":67},"end":{"line":150,"column":91}}]},"17":{"line":154,"type":"if","locations":[{"start":{"line":154,"column":12},"end":{"line":154,"column":12}},{"start":{"line":154,"column":12},"end":{"line":154,"column":12}}]},"18":{"line":160,"type":"if","locations":[{"start":{"line":160,"column":16},"end":{"line":160,"column":16}},{"start":{"line":160,"column":16},"end":{"line":160,"column":16}}]},"19":{"line":162,"type":"if","locations":[{"start":{"line":162,"column":20},"end":{"line":162,"column":20}},{"start":{"line":162,"column":20},"end":{"line":162,"column":20}}]},"20":{"line":177,"type":"if","locations":[{"start":{"line":177,"column":35},"end":{"line":177,"column":35}},{"start":{"line":177,"column":39},"end":{"line":177,"column":59}}]},"21":{"line":178,"type":"if","locations":[{"start":{"line":178,"column":36},"end":{"line":178,"column":36}},{"start":{"line":178,"column":40},"end":{"line":178,"column":60}}]},"22":{"line":183,"type":"if","locations":[{"start":{"line":183,"column":53},"end":{"line":183,"column":76}},{"start":{"line":183,"column":80},"end":{"line":183,"column":103}}]},"23":{"line":190,"type":"if","locations":[{"start":{"line":190,"column":8},"end":{"line":190,"column":8}},{"start":{"line":190,"column":8},"end":{"line":190,"column":8}}]},"24":{"line":190,"type":"cond-expr","locations":[{"start":{"line":190,"column":12},"end":{"line":190,"column":48}},{"start":{"line":190,"column":53},"end":{"line":190,"column":92}}]},"25":{"line":195,"type":"if","locations":[{"start":{"line":195,"column":8},"end":{"line":195,"column":8}},{"start":{"line":195,"column":8},"end":{"line":195,"column":8}}]},"26":{"line":197,"type":"if","locations":[{"start":{"line":197,"column":15},"end":{"line":197,"column":15}},{"start":{"line":197,"column":15},"end":{"line":197,"column":15}}]},"27":{"line":210,"type":"if","locations":[{"start":{"line":210,"column":8},"end":{"line":210,"column":8}},{"start":{"line":210,"column":8},"end":{"line":210,"column":8}}]},"28":{"line":218,"type":"if","locations":[{"start":{"line":218,"column":8},"end":{"line":218,"column":8}},{"start":{"line":218,"column":8},"end":{"line":218,"column":8}}]},"29":{"line":220,"type":"if","locations":[{"start":{"line":220,"column":46},"end":{"line":220,"column":55}},{"start":{"line":220,"column":59},"end":{"line":220,"column":98}}]},"30":{"line":221,"type":"if","locations":[{"start":{"line":221,"column":8},"end":{"line":221,"column":8}},{"start":{"line":221,"column":8},"end":{"line":221,"column":8}}]},"31":{"line":233,"type":"if","locations":[{"start":{"line":233,"column":8},"end":{"line":233,"column":8}},{"start":{"line":233,"column":8},"end":{"line":233,"column":8}}]},"32":{"line":234,"type":"if","locations":[{"start":{"line":234,"column":8},"end":{"line":234,"column":8}},{"start":{"line":234,"column":8},"end":{"line":234,"column":8}}]},"33":{"line":242,"type":"if","locations":[{"start":{"line":242,"column":8},"end":{"line":242,"column":8}},{"start":{"line":242,"column":8},"end":{"line":242,"column":8}}]},"34":{"line":250,"type":"if","locations":[{"start":{"line":250,"column":8},"end":{"line":250,"column":8}},{"start":{"line":250,"column":8},"end":{"line":250,"column":8}}]},"35":{"line":258,"type":"if","locations":[{"start":{"line":258,"column":8},"end":{"line":258,"column":8}},{"start":{"line":258,"column":8},"end":{"line":258,"column":8}}]}}},"contracts/core/interfaces/IBasePositionManager.sol":{"l":{},"path":"/Users/bhargavkacharla/gmx/gmx-contracts/contracts/core/interfaces/IBasePositionManager.sol","s":{},"b":{},"f":{},"fnMap":{},"statementMap":{},"branchMap":{}},"contracts/core/interfaces/IGlpManager.sol":{"l":{},"path":"/Users/bhargavkacharla/gmx/gmx-contracts/contracts/core/interfaces/IGlpManager.sol","s":{},"b":{},"f":{},"fnMap":{},"statementMap":{},"branchMap":{}},"contracts/core/interfaces/IOrderBook.sol":{"l":{},"path":"/Users/bhargavkacharla/gmx/gmx-contracts/contracts/core/interfaces/IOrderBook.sol","s":{},"b":{},"f":{},"fnMap":{},"statementMap":{},"branchMap":{}},"contracts/core/interfaces/IPositionRouter.sol":{"l":{},"path":"/Users/bhargavkacharla/gmx/gmx-contracts/contracts/core/interfaces/IPositionRouter.sol","s":{},"b":{},"f":{},"fnMap":{},"statementMap":{},"branchMap":{}},"contracts/core/interfaces/IPositionRouterCallbackReceiver.sol":{"l":{},"path":"/Users/bhargavkacharla/gmx/gmx-contracts/contracts/core/interfaces/IPositionRouterCallbackReceiver.sol","s":{},"b":{},"f":{},"fnMap":{},"statementMap":{},"branchMap":{}},"contracts/core/interfaces/IRouter.sol":{"l":{},"path":"/Users/bhargavkacharla/gmx/gmx-contracts/contracts/core/interfaces/IRouter.sol","s":{},"b":{},"f":{},"fnMap":{},"statementMap":{},"branchMap":{}},"contracts/core/interfaces/IShortsTracker.sol":{"l":{},"path":"/Users/bhargavkacharla/gmx/gmx-contracts/contracts/core/interfaces/IShortsTracker.sol","s":{},"b":{},"f":{},"fnMap":{},"statementMap":{},"branchMap":{}},"contracts/core/interfaces/IVault.sol":{"l":{},"path":"/Users/bhargavkacharla/gmx/gmx-contracts/contracts/core/interfaces/IVault.sol","s":{},"b":{},"f":{},"fnMap":{},"statementMap":{},"branchMap":{}},"contracts/core/interfaces/IVaultPriceFeed.sol":{"l":{},"path":"/Users/bhargavkacharla/gmx/gmx-contracts/contracts/core/interfaces/IVaultPriceFeed.sol","s":{},"b":{},"f":{},"fnMap":{},"statementMap":{},"branchMap":{}},"contracts/core/interfaces/IVaultUtils.sol":{"l":{},"path":"/Users/bhargavkacharla/gmx/gmx-contracts/contracts/core/interfaces/IVaultUtils.sol","s":{},"b":{},"f":{},"fnMap":{},"statementMap":{},"branchMap":{}},"contracts/core/OrderBook.sol":{"l":{"231":0,"232":0,"236":0,"247":0,"248":0,"250":0,"251":0,"252":0,"253":0,"254":0,"255":0,"257":0,"261":0,"265":0,"267":0,"271":0,"273":0,"277":0,"279":0,"293":0,"294":0,"317":0,"318":0,"319":0,"320":0,"323":0,"325":0,"326":0,"327":0,"329":0,"330":0,"333":0,"346":0,"347":0,"357":0,"358":0,"360":0,"378":0,"379":0,"381":0,"382":0,"384":0,"385":0,"390":0,"391":0,"393":0,"395":0,"396":0,"398":0,"399":0,"402":0,"417":0,"418":0,"420":0,"421":0,"428":0,"433":0,"434":0,"435":0,"436":0,"443":0,"445":0,"447":0,"450":0,"451":0,"453":0,"456":0,"458":0,"459":0,"463":0,"464":0,"466":0,"467":0,"468":0,"470":0,"484":0,"485":0,"487":0,"490":0,"496":0,"498":0,"500":0,"501":0,"502":0,"503":0,"505":0,"509":0,"511":0,"532":0,"534":0,"535":0,"536":0,"538":0,"551":0,"552":0,"575":0,"576":0,"603":0,"605":0,"606":0,"607":0,"608":0,"610":0,"611":0,"614":0,"615":0,"616":0,"617":0,"618":0,"619":0,"621":0,"624":0,"625":0,"626":0,"629":0,"655":0,"656":0,"668":0,"669":0,"671":0,"687":0,"688":0,"690":0,"691":0,"692":0,"694":0,"707":0,"708":0,"710":0,"712":0,"713":0,"715":0,"716":0,"719":0,"735":0,"736":0,"740":0,"748":0,"750":0,"752":0,"753":0,"754":0,"755":0,"757":0,"758":0,"761":0,"764":0,"766":0,"791":0,"793":0,"795":0,"817":0,"818":0,"829":0,"830":0,"832":0,"847":0,"848":0,"852":0,"860":0,"862":0,"873":0,"874":0,"876":0,"880":0,"882":0,"898":0,"899":0,"901":0,"902":0,"904":0,"925":0,"926":0,"928":0,"929":0,"930":0,"931":0,"933":0,"947":0,"948":0,"953":0,"954":0,"958":0,"959":0,"961":0,"962":0,"963":0,"964":0,"967":0,"971":0,"973":0,"974":0,"976":0,"978":0,"981":0,"982":0},"path":"/Users/bhargavkacharla/gmx/gmx-contracts/contracts/core/OrderBook.sol","s":{"1":0,"2":0,"3":0,"4":0,"5":0,"6":0,"7":0,"8":0,"9":0,"10":0,"11":0,"12":0,"13":0,"14":0,"15":0,"16":0,"17":0,"18":0,"19":0,"20":0,"21":0,"22":0,"23":0,"24":0,"25":0,"26":0,"27":0,"28":0,"29":0,"30":0,"31":0,"32":0,"33":0,"34":0,"35":0,"36":0,"37":0,"38":0,"39":0,"40":0,"41":0,"42":0,"43":0,"44":0,"45":0,"46":0,"47":0,"48":0,"49":0,"50":0,"51":0,"52":0,"53":0,"54":0,"55":0,"56":0,"57":0,"58":0,"59":0,"60":0,"61":0,"62":0,"63":0,"64":0,"65":0,"66":0,"67":0,"68":0,"69":0,"70":0,"71":0,"72":0,"73":0,"74":0,"75":0,"76":0,"77":0,"78":0,"79":0,"80":0,"81":0,"82":0,"83":0,"84":0,"85":0,"86":0,"87":0,"88":0,"89":0,"90":0,"91":0,"92":0,"93":0,"94":0,"95":0,"96":0,"97":0,"98":0,"99":0,"100":0,"101":0,"102":0,"103":0,"104":0,"105":0,"106":0,"107":0,"108":0,"109":0,"110":0,"111":0,"112":0,"113":0,"114":0,"115":0,"116":0,"117":0,"118":0,"119":0,"120":0,"121":0,"122":0,"123":0,"124":0,"125":0,"126":0,"127":0,"128":0,"129":0,"130":0,"131":0,"132":0,"133":0,"134":0,"135":0,"136":0,"137":0,"138":0,"139":0,"140":0,"141":0,"142":0,"143":0,"144":0,"145":0,"146":0,"147":0,"148":0},"b":{"1":[0,0],"2":[0,0],"3":[0,0],"4":[0,0],"5":[0,0],"6":[0,0],"7":[0,0],"8":[0,0],"9":[0,0],"10":[0,0],"11":[0,0],"12":[0,0],"13":[0,0],"14":[0,0],"15":[0,0],"16":[0,0],"17":[0,0],"18":[0,0],"19":[0,0],"20":[0,0],"21":[0,0],"22":[0,0],"23":[0,0],"24":[0,0],"25":[0,0],"26":[0,0],"27":[0,0],"28":[0,0],"29":[0,0],"30":[0,0],"31":[0,0],"32":[0,0],"33":[0,0],"34":[0,0],"35":[0,0],"36":[0,0],"37":[0,0],"38":[0,0],"39":[0,0],"40":[0,0],"41":[0,0],"42":[0,0],"43":[0,0],"44":[0,0],"45":[0,0],"46":[0,0],"47":[0,0],"48":[0,0],"49":[0,0],"50":[0,0],"51":[0,0],"52":[0,0],"53":[0,0],"54":[0,0],"55":[0,0],"56":[0,0],"57":[0,0],"58":[0,0],"59":[0,0],"60":[0,0],"61":[0,0],"62":[0,0],"63":[0,0],"64":[0,0],"65":[0,0],"66":[0,0],"67":[0,0],"68":[0,0],"69":[0,0],"70":[0,0]},"f":{"1":0,"2":0,"3":0,"4":0,"5":0,"6":0,"7":0,"8":0,"9":0,"10":0,"11":0,"12":0,"13":0,"14":0,"15":0,"16":0,"17":0,"18":0,"19":0,"20":0,"21":0,"22":0,"23":0,"24":0,"25":0,"26":0,"27":0,"28":0,"29":0,"30":0,"31":0,"32":0},"fnMap":{"1":{"name":"onlyGov","line":230,"loc":{"start":{"line":230,"column":4},"end":{"line":233,"column":4}}},"2":{"name":"constructor","line":235,"loc":{"start":{"line":235,"column":4},"end":{"line":237,"column":4}}},"3":{"name":"initialize","line":246,"loc":{"start":{"line":239,"column":4},"end":{"line":258,"column":4}}},"4":{"name":"setMinExecutionFee","line":264,"loc":{"start":{"line":264,"column":4},"end":{"line":268,"column":4}}},"5":{"name":"setMinPurchaseTokenAmountUsd","line":270,"loc":{"start":{"line":270,"column":4},"end":{"line":274,"column":4}}},"6":{"name":"setGov","line":276,"loc":{"start":{"line":276,"column":4},"end":{"line":280,"column":4}}},"7":{"name":"getSwapOrder","line":282,"loc":{"start":{"line":282,"column":4},"end":{"line":305,"column":4}}},"8":{"name":"createSwapOrder","line":316,"loc":{"start":{"line":307,"column":4},"end":{"line":334,"column":4}}},"9":{"name":"_createSwapOrder","line":336,"loc":{"start":{"line":336,"column":4},"end":{"line":371,"column":4}}},"10":{"name":"cancelMultiple","line":373,"loc":{"start":{"line":373,"column":4},"end":{"line":387,"column":4}}},"11":{"name":"cancelSwapOrder","line":389,"loc":{"start":{"line":389,"column":4},"end":{"line":413,"column":4}}},"12":{"name":"getUsdgMinPrice","line":415,"loc":{"start":{"line":415,"column":4},"end":{"line":422,"column":4}}},"13":{"name":"validateSwapOrderPriceWithTriggerAboveThreshold","line":424,"loc":{"start":{"line":424,"column":4},"end":{"line":460,"column":4}}},"14":{"name":"updateSwapOrder","line":462,"loc":{"start":{"line":462,"column":4},"end":{"line":481,"column":4}}},"15":{"name":"executeSwapOrder","line":483,"loc":{"start":{"line":483,"column":4},"end":{"line":523,"column":4}}},"16":{"name":"validatePositionOrderPrice","line":525,"loc":{"start":{"line":525,"column":4},"end":{"line":539,"column":4}}},"17":{"name":"getDecreaseOrder","line":541,"loc":{"start":{"line":541,"column":4},"end":{"line":562,"column":4}}},"18":{"name":"getIncreaseOrder","line":564,"loc":{"start":{"line":564,"column":4},"end":{"line":587,"column":4}}},"19":{"name":"createIncreaseOrder","line":601,"loc":{"start":{"line":589,"column":4},"end":{"line":641,"column":4}}},"20":{"name":"_createIncreaseOrder","line":643,"loc":{"start":{"line":643,"column":4},"end":{"line":684,"column":4}}},"21":{"name":"updateIncreaseOrder","line":686,"loc":{"start":{"line":686,"column":4},"end":{"line":704,"column":4}}},"22":{"name":"cancelIncreaseOrder","line":706,"loc":{"start":{"line":706,"column":4},"end":{"line":732,"column":4}}},"23":{"name":"executeIncreaseOrder","line":734,"loc":{"start":{"line":734,"column":4},"end":{"line":780,"column":4}}},"24":{"name":"createDecreaseOrder","line":790,"loc":{"start":{"line":782,"column":4},"end":{"line":805,"column":4}}},"25":{"name":"_createDecreaseOrder","line":807,"loc":{"start":{"line":807,"column":4},"end":{"line":844,"column":4}}},"26":{"name":"executeDecreaseOrder","line":846,"loc":{"start":{"line":846,"column":4},"end":{"line":895,"column":4}}},"27":{"name":"cancelDecreaseOrder","line":897,"loc":{"start":{"line":897,"column":4},"end":{"line":916,"column":4}}},"28":{"name":"updateDecreaseOrder","line":924,"loc":{"start":{"line":918,"column":4},"end":{"line":944,"column":4}}},"29":{"name":"_transferInETH","line":946,"loc":{"start":{"line":946,"column":4},"end":{"line":950,"column":4}}},"30":{"name":"_transferOutETH","line":952,"loc":{"start":{"line":952,"column":4},"end":{"line":955,"column":4}}},"31":{"name":"_swap","line":957,"loc":{"start":{"line":957,"column":4},"end":{"line":968,"column":4}}},"32":{"name":"_vaultSwap","line":970,"loc":{"start":{"line":970,"column":4},"end":{"line":983,"column":4}}}},"statementMap":{"1":{"start":{"line":231,"column":8},"end":{"line":231,"column":57}},"2":{"start":{"line":247,"column":8},"end":{"line":247,"column":64}},"3":{"start":{"line":257,"column":8},"end":{"line":257,"column":100}},"4":{"start":{"line":267,"column":8},"end":{"line":267,"column":52}},"5":{"start":{"line":273,"column":8},"end":{"line":273,"column":72}},"6":{"start":{"line":279,"column":8},"end":{"line":279,"column":28}},"7":{"start":{"line":293,"column":8},"end":{"line":293,"column":66}},"8":{"start":{"line":294,"column":8},"end":{"line":294,"column":8422}},"9":{"start":{"line":317,"column":8},"end":{"line":317,"column":89}},"10":{"start":{"line":318,"column":8},"end":{"line":318,"column":79}},"11":{"start":{"line":319,"column":8},"end":{"line":319,"column":61}},"12":{"start":{"line":320,"column":8},"end":{"line":320,"column":89}},"13":{"start":{"line":323,"column":8},"end":{"line":323,"column":23}},"14":{"start":{"line":325,"column":8},"end":{"line":325,"column":9614}},"15":{"start":{"line":326,"column":12},"end":{"line":326,"column":77}},"16":{"start":{"line":327,"column":12},"end":{"line":327,"column":103}},"17":{"start":{"line":329,"column":12},"end":{"line":329,"column":96}},"18":{"start":{"line":330,"column":12},"end":{"line":330,"column":89}},"19":{"start":{"line":333,"column":8},"end":{"line":333,"column":131}},"20":{"start":{"line":346,"column":8},"end":{"line":346,"column":55}},"21":{"start":{"line":347,"column":8},"end":{"line":347,"column":10528}},"22":{"start":{"line":360,"column":8},"end":{"line":360,"column":10892}},"23":{"start":{"line":378,"column":8},"end":{"line":378,"column":11350}},"24":{"start":{"line":379,"column":12},"end":{"line":379,"column":48}},"25":{"start":{"line":381,"column":8},"end":{"line":381,"column":11476}},"26":{"start":{"line":382,"column":12},"end":{"line":382,"column":56}},"27":{"start":{"line":384,"column":8},"end":{"line":384,"column":11614}},"28":{"start":{"line":385,"column":12},"end":{"line":385,"column":56}},"29":{"start":{"line":390,"column":8},"end":{"line":390,"column":68}},"30":{"start":{"line":391,"column":8},"end":{"line":391,"column":76}},"31":{"start":{"line":395,"column":8},"end":{"line":395,"column":12034}},"32":{"start":{"line":396,"column":12},"end":{"line":396,"column":78}},"33":{"start":{"line":398,"column":12},"end":{"line":398,"column":73}},"34":{"start":{"line":399,"column":12},"end":{"line":399,"column":58}},"35":{"start":{"line":402,"column":8},"end":{"line":402,"column":12318}},"36":{"start":{"line":417,"column":8},"end":{"line":417,"column":97}},"37":{"start":{"line":418,"column":8},"end":{"line":418,"column":72}},"38":{"start":{"line":420,"column":8},"end":{"line":420,"column":77}},"39":{"start":{"line":421,"column":8},"end":{"line":421,"column":82}},"40":{"start":{"line":428,"column":8},"end":{"line":428,"column":89}},"41":{"start":{"line":433,"column":8},"end":{"line":433,"column":33}},"42":{"start":{"line":434,"column":8},"end":{"line":434,"column":48}},"43":{"start":{"line":435,"column":8},"end":{"line":435,"column":27}},"44":{"start":{"line":436,"column":8},"end":{"line":436,"column":27}},"45":{"start":{"line":443,"column":8},"end":{"line":443,"column":14187}},"46":{"start":{"line":450,"column":8},"end":{"line":450,"column":14443}},"47":{"start":{"line":456,"column":8},"end":{"line":456,"column":80}},"48":{"start":{"line":458,"column":8},"end":{"line":458,"column":51}},"49":{"start":{"line":459,"column":8},"end":{"line":459,"column":22}},"50":{"start":{"line":463,"column":8},"end":{"line":463,"column":69}},"51":{"start":{"line":464,"column":8},"end":{"line":464,"column":76}},"52":{"start":{"line":470,"column":8},"end":{"line":470,"column":15206}},"53":{"start":{"line":484,"column":8},"end":{"line":484,"column":66}},"54":{"start":{"line":485,"column":8},"end":{"line":485,"column":76}},"55":{"start":{"line":487,"column":8},"end":{"line":487,"column":15781}},"56":{"start":{"line":490,"column":12},"end":{"line":490,"column":15962}},"57":{"start":{"line":498,"column":8},"end":{"line":498,"column":64}},"58":{"start":{"line":500,"column":8},"end":{"line":500,"column":26}},"59":{"start":{"line":501,"column":8},"end":{"line":501,"column":16302}},"60":{"start":{"line":503,"column":12},"end":{"line":503,"column":62}},"61":{"start":{"line":509,"column":8},"end":{"line":509,"column":56}},"62":{"start":{"line":511,"column":8},"end":{"line":511,"column":16705}},"63":{"start":{"line":532,"column":8},"end":{"line":532,"column":17354}},"64":{"start":{"line":534,"column":8},"end":{"line":534,"column":112}},"65":{"start":{"line":535,"column":8},"end":{"line":535,"column":17524}},"66":{"start":{"line":536,"column":12},"end":{"line":536,"column":74}},"67":{"start":{"line":538,"column":8},"end":{"line":538,"column":43}},"68":{"start":{"line":551,"column":8},"end":{"line":551,"column":74}},"69":{"start":{"line":552,"column":8},"end":{"line":552,"column":18107}},"70":{"start":{"line":575,"column":8},"end":{"line":575,"column":74}},"71":{"start":{"line":576,"column":8},"end":{"line":576,"column":18857}},"72":{"start":{"line":603,"column":8},"end":{"line":603,"column":23}},"73":{"start":{"line":605,"column":8},"end":{"line":605,"column":89}},"74":{"start":{"line":606,"column":8},"end":{"line":606,"column":19794}},"75":{"start":{"line":607,"column":12},"end":{"line":607,"column":77}},"76":{"start":{"line":608,"column":12},"end":{"line":608,"column":103}},"77":{"start":{"line":610,"column":12},"end":{"line":610,"column":96}},"78":{"start":{"line":611,"column":12},"end":{"line":611,"column":89}},"79":{"start":{"line":614,"column":8},"end":{"line":614,"column":56}},"80":{"start":{"line":615,"column":8},"end":{"line":615,"column":36}},"81":{"start":{"line":616,"column":8},"end":{"line":616,"column":20322}},"82":{"start":{"line":617,"column":12},"end":{"line":617,"column":74}},"83":{"start":{"line":618,"column":12},"end":{"line":618,"column":58}},"84":{"start":{"line":625,"column":12},"end":{"line":625,"column":111}},"85":{"start":{"line":626,"column":12},"end":{"line":626,"column":110}},"86":{"start":{"line":629,"column":8},"end":{"line":629,"column":20886}},"87":{"start":{"line":655,"column":8},"end":{"line":655,"column":61}},"88":{"start":{"line":656,"column":8},"end":{"line":656,"column":21631}},"89":{"start":{"line":671,"column":8},"end":{"line":671,"column":22083}},"90":{"start":{"line":687,"column":8},"end":{"line":687,"column":77}},"91":{"start":{"line":688,"column":8},"end":{"line":688,"column":76}},"92":{"start":{"line":694,"column":8},"end":{"line":694,"column":22887}},"93":{"start":{"line":707,"column":8},"end":{"line":707,"column":76}},"94":{"start":{"line":708,"column":8},"end":{"line":708,"column":76}},"95":{"start":{"line":712,"column":8},"end":{"line":712,"column":23455}},"96":{"start":{"line":713,"column":12},"end":{"line":713,"column":89}},"97":{"start":{"line":715,"column":12},"end":{"line":715,"column":90}},"98":{"start":{"line":716,"column":12},"end":{"line":716,"column":58}},"99":{"start":{"line":719,"column":8},"end":{"line":719,"column":23773}},"100":{"start":{"line":735,"column":8},"end":{"line":735,"column":74}},"101":{"start":{"line":736,"column":8},"end":{"line":736,"column":76}},"102":{"start":{"line":740,"column":8},"end":{"line":740,"column":24558}},"103":{"start":{"line":750,"column":8},"end":{"line":750,"column":81}},"104":{"start":{"line":752,"column":8},"end":{"line":752,"column":24918}},"105":{"start":{"line":753,"column":12},"end":{"line":753,"column":52}},"106":{"start":{"line":757,"column":12},"end":{"line":757,"column":61}},"107":{"start":{"line":758,"column":12},"end":{"line":758,"column":71}},"108":{"start":{"line":761,"column":8},"end":{"line":761,"column":132}},"109":{"start":{"line":764,"column":8},"end":{"line":764,"column":56}},"110":{"start":{"line":766,"column":8},"end":{"line":766,"column":25490}},"111":{"start":{"line":791,"column":8},"end":{"line":791,"column":23}},"112":{"start":{"line":793,"column":8},"end":{"line":793,"column":84}},"113":{"start":{"line":795,"column":8},"end":{"line":795,"column":26317}},"114":{"start":{"line":817,"column":8},"end":{"line":817,"column":59}},"115":{"start":{"line":818,"column":8},"end":{"line":818,"column":26934}},"116":{"start":{"line":832,"column":8},"end":{"line":832,"column":27350}},"117":{"start":{"line":847,"column":8},"end":{"line":847,"column":74}},"118":{"start":{"line":848,"column":8},"end":{"line":848,"column":76}},"119":{"start":{"line":852,"column":8},"end":{"line":852,"column":28049}},"120":{"start":{"line":862,"column":8},"end":{"line":862,"column":28326}},"121":{"start":{"line":873,"column":8},"end":{"line":873,"column":28661}},"122":{"start":{"line":874,"column":12},"end":{"line":874,"column":61}},"123":{"start":{"line":876,"column":12},"end":{"line":876,"column":79}},"124":{"start":{"line":880,"column":8},"end":{"line":880,"column":56}},"125":{"start":{"line":882,"column":8},"end":{"line":882,"column":28965}},"126":{"start":{"line":898,"column":8},"end":{"line":898,"column":76}},"127":{"start":{"line":899,"column":8},"end":{"line":899,"column":76}},"128":{"start":{"line":902,"column":8},"end":{"line":902,"column":54}},"129":{"start":{"line":904,"column":8},"end":{"line":904,"column":29703}},"130":{"start":{"line":925,"column":8},"end":{"line":925,"column":77}},"131":{"start":{"line":926,"column":8},"end":{"line":926,"column":76}},"132":{"start":{"line":933,"column":8},"end":{"line":933,"column":30642}},"133":{"start":{"line":947,"column":8},"end":{"line":947,"column":30989}},"134":{"start":{"line":948,"column":12},"end":{"line":948,"column":50}},"135":{"start":{"line":953,"column":8},"end":{"line":953,"column":39}},"136":{"start":{"line":954,"column":8},"end":{"line":954,"column":38}},"137":{"start":{"line":958,"column":8},"end":{"line":958,"column":31372}},"138":{"start":{"line":959,"column":12},"end":{"line":959,"column":69}},"139":{"start":{"line":961,"column":8},"end":{"line":961,"column":31486}},"140":{"start":{"line":962,"column":12},"end":{"line":962,"column":77}},"141":{"start":{"line":963,"column":12},"end":{"line":963,"column":55}},"142":{"start":{"line":964,"column":12},"end":{"line":964,"column":69}},"143":{"start":{"line":967,"column":8},"end":{"line":967,"column":48}},"144":{"start":{"line":971,"column":8},"end":{"line":971,"column":25}},"145":{"start":{"line":973,"column":8},"end":{"line":973,"column":31949}},"146":{"start":{"line":975,"column":15},"end":{"line":975,"column":32068}},"147":{"start":{"line":981,"column":8},"end":{"line":981,"column":73}},"148":{"start":{"line":982,"column":8},"end":{"line":982,"column":24}}},"branchMap":{"1":{"line":231,"type":"if","locations":[{"start":{"line":231,"column":8},"end":{"line":231,"column":8}},{"start":{"line":231,"column":8},"end":{"line":231,"column":8}}]},"2":{"line":246,"type":"if","locations":[{"start":{"line":246,"column":15},"end":{"line":246,"column":15}},{"start":{"line":246,"column":15},"end":{"line":246,"column":15}}]},"3":{"line":247,"type":"if","locations":[{"start":{"line":247,"column":8},"end":{"line":247,"column":8}},{"start":{"line":247,"column":8},"end":{"line":247,"column":8}}]},"4":{"line":261,"type":"if","locations":[{"start":{"line":261,"column":8},"end":{"line":261,"column":8}},{"start":{"line":261,"column":8},"end":{"line":261,"column":8}}]},"5":{"line":264,"type":"if","locations":[{"start":{"line":264,"column":67},"end":{"line":264,"column":67}},{"start":{"line":264,"column":67},"end":{"line":264,"column":67}}]},"6":{"line":270,"type":"if","locations":[{"start":{"line":270,"column":87},"end":{"line":270,"column":87}},{"start":{"line":270,"column":87},"end":{"line":270,"column":87}}]},"7":{"line":276,"type":"if","locations":[{"start":{"line":276,"column":43},"end":{"line":276,"column":43}},{"start":{"line":276,"column":43},"end":{"line":276,"column":43}}]},"8":{"line":295,"type":"if","locations":[{"start":{"line":295,"column":36},"end":{"line":295,"column":48}},{"start":{"line":295,"column":52},"end":{"line":295,"column":61}}]},"9":{"line":296,"type":"if","locations":[{"start":{"line":296,"column":36},"end":{"line":296,"column":48}},{"start":{"line":296,"column":52},"end":{"line":296,"column":61}}]},"10":{"line":297,"type":"if","locations":[{"start":{"line":297,"column":36},"end":{"line":297,"column":48}},{"start":{"line":297,"column":52},"end":{"line":297,"column":61}}]},"11":{"line":316,"type":"if","locations":[{"start":{"line":316,"column":23},"end":{"line":316,"column":23}},{"start":{"line":316,"column":23},"end":{"line":316,"column":23}}]},"12":{"line":317,"type":"if","locations":[{"start":{"line":317,"column":8},"end":{"line":317,"column":8}},{"start":{"line":317,"column":8},"end":{"line":317,"column":8}}]},"13":{"line":317,"type":"cond-expr","locations":[{"start":{"line":317,"column":16},"end":{"line":317,"column":32}},{"start":{"line":317,"column":37},"end":{"line":317,"column":53}}]},"14":{"line":318,"type":"if","locations":[{"start":{"line":318,"column":8},"end":{"line":318,"column":8}},{"start":{"line":318,"column":8},"end":{"line":318,"column":8}}]},"15":{"line":319,"type":"if","locations":[{"start":{"line":319,"column":8},"end":{"line":319,"column":8}},{"start":{"line":319,"column":8},"end":{"line":319,"column":8}}]},"16":{"line":320,"type":"if","locations":[{"start":{"line":320,"column":8},"end":{"line":320,"column":8}},{"start":{"line":320,"column":8},"end":{"line":320,"column":8}}]},"17":{"line":325,"type":"if","locations":[{"start":{"line":325,"column":8},"end":{"line":325,"column":8}},{"start":{"line":325,"column":8},"end":{"line":325,"column":8}}]},"18":{"line":326,"type":"if","locations":[{"start":{"line":326,"column":12},"end":{"line":326,"column":12}},{"start":{"line":326,"column":12},"end":{"line":326,"column":12}}]},"19":{"line":327,"type":"if","locations":[{"start":{"line":327,"column":12},"end":{"line":327,"column":12}},{"start":{"line":327,"column":12},"end":{"line":327,"column":12}}]},"20":{"line":329,"type":"if","locations":[{"start":{"line":329,"column":12},"end":{"line":329,"column":12}},{"start":{"line":329,"column":12},"end":{"line":329,"column":12}}]},"21":{"line":389,"type":"if","locations":[{"start":{"line":389,"column":57},"end":{"line":389,"column":57}},{"start":{"line":389,"column":57},"end":{"line":389,"column":57}}]},"22":{"line":391,"type":"if","locations":[{"start":{"line":391,"column":8},"end":{"line":391,"column":8}},{"start":{"line":391,"column":8},"end":{"line":391,"column":8}}]},"23":{"line":395,"type":"if","locations":[{"start":{"line":395,"column":8},"end":{"line":395,"column":8}},{"start":{"line":395,"column":8},"end":{"line":395,"column":8}}]},"24":{"line":428,"type":"if","locations":[{"start":{"line":428,"column":8},"end":{"line":428,"column":8}},{"start":{"line":428,"column":8},"end":{"line":428,"column":8}}]},"25":{"line":428,"type":"cond-expr","locations":[{"start":{"line":428,"column":16},"end":{"line":428,"column":32}},{"start":{"line":428,"column":37},"end":{"line":428,"column":53}}]},"26":{"line":443,"type":"if","locations":[{"start":{"line":443,"column":8},"end":{"line":443,"column":8}},{"start":{"line":443,"column":8},"end":{"line":443,"colu
[...]
umn":8}}]},"6":{"line":285,"type":"if","locations":[{"start":{"line":285,"column":8},"end":{"line":285,"column":8}},{"start":{"line":285,"column":8},"end":{"line":285,"column":8}}]},"7":{"line":286,"type":"if","locations":[{"start":{"line":286,"column":8},"end":{"line":286,"column":8}},{"start":{"line":286,"column":8},"end":{"line":286,"column":8}}]}}},"contracts/tokens/YieldFarm.sol":{"l":{"17":0,"21":0,"22":0,"26":0,"27":0},"path":"/Users/bhargavkacharla/gmx/gmx-contracts/contracts/tokens/YieldFarm.sol","s":{"1":0,"2":0,"3":0,"4":0},"b":{"1":[0,0],"2":[0,0]},"f":{"1":0,"2":0,"3":0},"fnMap":{"1":{"name":"constructor","line":16,"loc":{"start":{"line":16,"column":4},"end":{"line":18,"column":4}}},"2":{"name":"stake","line":20,"loc":{"start":{"line":20,"column":4},"end":{"line":23,"column":4}}},"3":{"name":"unstake","line":25,"loc":{"start":{"line":25,"column":4},"end":{"line":28,"column":4}}}},"statementMap":{"1":{"start":{"line":21,"column":8},"end":{"line":21,"column":80}},"2":{"start":{"line":22,"column":8},"end":{"line":22,"column":33}},"3":{"start":{"line":26,"column":8},"end":{"line":26,"column":33}},"4":{"start":{"line":27,"column":8},"end":{"line":27,"column":61}}},"branchMap":{"1":{"line":20,"type":"if","locations":[{"start":{"line":20,"column":45},"end":{"line":20,"column":45}},{"start":{"line":20,"column":45},"end":{"line":20,"column":45}}]},"2":{"line":25,"type":"if","locations":[{"start":{"line":25,"column":47},"end":{"line":25,"column":47}},{"start":{"line":25,"column":47},"end":{"line":25,"column":47}}]}}},"contracts/tokens/YieldToken.sol":{"l":{"36":1,"37":1,"41":0,"42":0,"46":3,"47":3,"48":3,"49":3,"50":3,"54":0,"58":0,"59":0,"63":1,"67":0,"71":0,"76":0,"80":0,"84":0,"88":0,"89":0,"90":0,"91":0,"95":0,"96":0,"97":0,"98":0,"102":0,"103":0,"104":0,"109":0,"110":0,"111":0,"116":10,"120":6,"124":0,"125":0,"127":0,"131":3,"132":3,"136":0,"140":0,"141":0,"145":0,"146":0,"147":0,"148":0,"152":5,"154":5,"156":5,"157":5,"159":5,"160":0,"163":5,"167":2,"169":2,"171":2,"172":2,"174":2,"175":0,"178":2,"182":3,"183":3,"185":3,"186":0,"189":3,"190":3,"192":3,"193":3,"195":3,"196":0,"198":3,"199":0,"202":3,"206":0,"207":0,"209":0,"211":0,"215":13,"216":10,"217":10},"path":"/Users/bhargavkacharla/gmx/gmx-contracts/contracts/tokens/YieldToken.sol","s":{"1":1,"2":0,"3":3,"4":0,"5":0,"6":0,"7":0,"8":0,"9":0,"10":0,"11":0,"12":0,"13":0,"14":0,"15":10,"16":6,"17":0,"18":0,"19":0,"20":3,"21":3,"22":0,"23":0,"24":0,"25":0,"26":0,"27":0,"28":0,"29":5,"30":5,"31":5,"32":5,"33":2,"34":2,"35":2,"36":2,"37":3,"38":3,"39":3,"40":0,"41":3,"42":3,"43":3,"44":3,"45":3,"46":0,"47":0,"48":0,"49":13,"50":10,"51":10},"b":{"1":[1,0],"2":[0,0],"3":[0,0],"4":[0,0],"5":[1,0],"6":[0,0],"7":[0,0],"8":[0,0],"9":[0,0],"10":[0,0],"11":[0,0],"12":[0,0],"13":[0,0],"14":[0,0],"15":[0,0],"16":[0,0],"17":[5,0],"18":[0,5],"19":[2,0],"20":[0,2],"21":[3,0],"22":[3,0],"23":[0,3],"24":[0,0],"25":[0,3],"26":[0,3],"27":[0,0],"28":[0,0]},"f":{"1":1,"2":0,"3":3,"4":0,"5":0,"6":1,"7":0,"8":0,"9":0,"10":0,"11":0,"12":0,"13":0,"14":0,"15":0,"16":10,"17":6,"18":0,"19":3,"20":0,"21":0,"22":0,"23":5,"24":2,"25":3,"26":0,"27":13},"fnMap":{"1":{"name":"onlyGov","line":35,"loc":{"start":{"line":35,"column":4},"end":{"line":38,"column":4}}},"2":{"name":"onlyAdmin","line":40,"loc":{"start":{"line":40,"column":4},"end":{"line":43,"column":4}}},"3":{"name":"constructor","line":45,"loc":{"start":{"line":45,"column":4},"end":{"line":51,"column":4}}},"4":{"name":"setGov","line":53,"loc":{"start":{"line":53,"column":4},"end":{"line":55,"column":4}}},"5":{"name":"setInfo","line":57,"loc":{"start":{"line":57,"column":4},"end":{"line":60,"column":4}}},"6":{"name":"setYieldTrackers","line":62,"loc":{"start":{"line":62,"column":4},"end":{"line":64,"column":4}}},"7":{"name":"addAdmin","line":66,"loc":{"start":{"line":66,"column":4},"end":{"line":68,"column":4}}},"8":{"name":"removeAdmin","line":70,"loc":{"start":{"line":70,"column":4},"end":{"line":72,"column":4}}},"9":{"name":"withdrawToken","line":75,"loc":{"start":{"line":75,"column":4},"end":{"line":77,"column":4}}},"10":{"name":"setInWhitelistMode","line":79,"loc":{"start":{"line":79,"column":4},"end":{"line":81,"column":4}}},"11":{"name":"setWhitelistedHandler","line":83,"loc":{"start":{"line":83,"column":4},"end":{"line":85,"column":4}}},"12":{"name":"addNonStakingAccount","line":87,"loc":{"start":{"line":87,"column":4},"end":{"line":92,"column":4}}},"13":{"name":"removeNonStakingAccount","line":94,"loc":{"start":{"line":94,"column":4},"end":{"line":99,"column":4}}},"14":{"name":"recoverClaim","line":101,"loc":{"start":{"line":101,"column":4},"end":{"line":106,"column":4}}},"15":{"name":"claim","line":108,"loc":{"start":{"line":108,"column":4},"end":{"line":113,"column":4}}},"16":{"name":"totalStaked","line":115,"loc":{"start":{"line":115,"column":4},"end":{"line":117,"column":4}}},"17":{"name":"balanceOf","line":119,"loc":{"start":{"line":119,"column":4},"end":{"line":121,"column":4}}},"18":{"name":"stakedBalance","line":123,"loc":{"start":{"line":123,"column":4},"end":{"line":128,"column":4}}},"19":{"name":"transfer","line":130,"loc":{"start":{"line":130,"column":4},"end":{"line":133,"column":4}}},"20":{"name":"allowance","line":135,"loc":{"start":{"line":135,"column":4},"end":{"line":137,"column":4}}},"21":{"name":"approve","line":139,"loc":{"start":{"line":139,"column":4},"end":{"line":142,"column":4}}},"22":{"name":"transferFrom","line":144,"loc":{"start":{"line":144,"column":4},"end":{"line":149,"column":4}}},"23":{"name":"_mint","line":151,"loc":{"start":{"line":151,"column":4},"end":{"line":164,"column":4}}},"24":{"name":"_burn","line":166,"loc":{"start":{"line":166,"column":4},"end":{"line":179,"column":4}}},"25":{"name":"_transfer","line":181,"loc":{"start":{"line":181,"column":4},"end":{"line":203,"column":4}}},"26":{"name":"_approve","line":205,"loc":{"start":{"line":205,"column":4},"end":{"line":212,"column":4}}},"27":{"name":"_updateRewards","line":214,"loc":{"start":{"line":214,"column":4},"end":{"line":219,"column":4}}}},"statementMap":{"1":{"start":{"line":36,"column":8},"end":{"line":36,"column":58}},"2":{"start":{"line":41,"column":8},"end":{"line":41,"column":59}},"3":{"start":{"line":50,"column":8},"end":{"line":50,"column":40}},"4":{"start":{"line":76,"column":8},"end":{"line":76,"column":53}},"5":{"start":{"line":88,"column":8},"end":{"line":88,"column":84}},"6":{"start":{"line":89,"column":8},"end":{"line":89,"column":31}},"7":{"start":{"line":95,"column":8},"end":{"line":95,"column":79}},"8":{"start":{"line":96,"column":8},"end":{"line":96,"column":31}},"9":{"start":{"line":102,"column":8},"end":{"line":102,"column":3191}},"10":{"start":{"line":103,"column":12},"end":{"line":103,"column":51}},"11":{"start":{"line":104,"column":12},"end":{"line":104,"column":65}},"12":{"start":{"line":109,"column":8},"end":{"line":109,"column":3439}},"13":{"start":{"line":110,"column":12},"end":{"line":110,"column":51}},"14":{"start":{"line":111,"column":12},"end":{"line":111,"column":67}},"15":{"start":{"line":116,"column":8},"end":{"line":116,"column":48}},"16":{"start":{"line":120,"column":8},"end":{"line":120,"column":33}},"17":{"start":{"line":124,"column":8},"end":{"line":124,"column":3981}},"18":{"start":{"line":125,"column":12},"end":{"line":125,"column":20}},"19":{"start":{"line":127,"column":8},"end":{"line":127,"column":33}},"20":{"start":{"line":131,"column":8},"end":{"line":131,"column":49}},"21":{"start":{"line":132,"column":8},"end":{"line":132,"column":19}},"22":{"start":{"line":136,"column":8},"end":{"line":136,"column":43}},"23":{"start":{"line":140,"column":8},"end":{"line":140,"column":46}},"24":{"start":{"line":141,"column":8},"end":{"line":141,"column":19}},"25":{"start":{"line":145,"column":8},"end":{"line":145,"column":125}},"26":{"start":{"line":146,"column":8},"end":{"line":146,"column":51}},"27":{"start":{"line":147,"column":8},"end":{"line":147,"column":46}},"28":{"start":{"line":148,"column":8},"end":{"line":148,"column":19}},"29":{"start":{"line":152,"column":8},"end":{"line":152,"column":78}},"30":{"start":{"line":154,"column":8},"end":{"line":154,"column":31}},"31":{"start":{"line":159,"column":8},"end":{"line":159,"column":5259}},"32":{"start":{"line":163,"column":8},"end":{"line":163,"column":52}},"33":{"start":{"line":167,"column":8},"end":{"line":167,"column":80}},"34":{"start":{"line":169,"column":8},"end":{"line":169,"column":31}},"35":{"start":{"line":174,"column":8},"end":{"line":174,"column":5775}},"36":{"start":{"line":178,"column":8},"end":{"line":178,"column":52}},"37":{"start":{"line":182,"column":8},"end":{"line":182,"column":83}},"38":{"start":{"line":183,"column":8},"end":{"line":183,"column":84}},"39":{"start":{"line":185,"column":8},"end":{"line":185,"column":6214}},"40":{"start":{"line":186,"column":12},"end":{"line":186,"column":93}},"41":{"start":{"line":189,"column":8},"end":{"line":189,"column":30}},"42":{"start":{"line":190,"column":8},"end":{"line":190,"column":33}},"43":{"start":{"line":195,"column":8},"end":{"line":195,"column":6596}},"44":{"start":{"line":198,"column":8},"end":{"line":198,"column":6711}},"45":{"start":{"line":202,"column":8},"end":{"line":202,"column":50}},"46":{"start":{"line":206,"column":8},"end":{"line":206,"column":81}},"47":{"start":{"line":207,"column":8},"end":{"line":207,"column":81}},"48":{"start":{"line":211,"column":8},"end":{"line":211,"column":48}},"49":{"start":{"line":215,"column":8},"end":{"line":215,"column":7303}},"50":{"start":{"line":216,"column":12},"end":{"line":216,"column":51}},"51":{"start":{"line":217,"column":12},"end":{"line":217,"column":62}}},"branchMap":{"1":{"line":36,"type":"if","locations":[{"start":{"line":36,"column":8},"end":{"line":36,"column":8}},{"start":{"line":36,"column":8},"end":{"line":36,"column":8}}]},"2":{"line":41,"type":"if","locations":[{"start":{"line":41,"column":8},"end":{"line":41,"column":8}},{"start":{"line":41,"column":8},"end":{"line":41,"column":8}}]},"3":{"line":53,"type":"if","locations":[{"start":{"line":53,"column":43},"end":{"line":53,"column":43}},{"start":{"line":53,"column":43},"end":{"line":53,"column":43}}]},"4":{"line":57,"type":"if","locations":[{"start":{"line":57,"column":74},"end":{"line":57,"column":74}},{"start":{"line":57,"column":74},"end":{"line":57,"column":74}}]},"5":{"line":62,"type":"if","locations":[{"start":{"line":62,"column":72},"end":{"line":62,"column":72}},{"start":{"line":62,"column":72},"end":{"line":62,"column":72}}]},"6":{"line":66,"type":"if","locations":[{"start":{"line":66,"column":49},"end":{"line":66,"column":49}},{"start":{"line":66,"column":49},"end":{"line":66,"column":49}}]},"7":{"line":70,"type":"if","locations":[{"start":{"line":70,"column":61},"end":{"line":70,"column":61}},{"start":{"line":70,"column":61},"end":{"line":70,"column":61}}]},"8":{"line":75,"type":"if","locations":[{"start":{"line":75,"column":87},"end":{"line":75,"column":87}},{"start":{"line":75,"column":87},"end":{"line":75,"column":87}}]},"9":{"line":79,"type":"if","locations":[{"start":{"line":79,"column":64},"end":{"line":79,"column":64}},{"start":{"line":79,"column":64},"end":{"line":79,"column":64}}]},"10":{"line":83,"type":"if","locations":[{"start":{"line":83,"column":83},"end":{"line":83,"column":83}},{"start":{"line":83,"column":83},"end":{"line":83,"column":83}}]},"11":{"line":87,"type":"if","locations":[{"start":{"line":87,"column":61},"end":{"line":87,"column":61}},{"start":{"line":87,"column":61},"end":{"line":87,"column":61}}]},"12":{"line":88,"type":"if","locations":[{"start":{"line":88,"column":8},"end":{"line":88,"column":8}},{"start":{"line":88,"column":8},"end":{"line":88,"column":8}}]},"13":{"line":94,"type":"if","locations":[{"start":{"line":94,"column":64},"end":{"line":94,"column":64}},{"start":{"line":94,"column":64},"end":{"line":94,"column":64}}]},"14":{"line":95,"type":"if","locations":[{"start":{"line":95,"column":8},"end":{"line":95,"column":8}},{"start":{"line":95,"column":8},"end":{"line":95,"column":8}}]},"15":{"line":101,"type":"if","locations":[{"start":{"line":101,"column":72},"end":{"line":101,"column":72}},{"start":{"line":101,"column":72},"end":{"line":101,"column":72}}]},"16":{"line":124,"type":"if","locations":[{"start":{"line":124,"column":8},"end":{"line":124,"column":8}},{"start":{"line":124,"column":8},"end":{"line":124,"column":8}}]},"17":{"line":152,"type":"if","locations":[{"start":{"line":152,"column":8},"end":{"line":152,"column":8}},{"start":{"line":152,"column":8},"end":{"line":152,"column":8}}]},"18":{"line":159,"type":"if","locations":[{"start":{"line":159,"column":8},"end":{"line":159,"column":8}},{"start":{"line":159,"column":8},"end":{"line":159,"column":8}}]},"19":{"line":167,"type":"if","locations":[{"start":{"line":167,"column":8},"end":{"line":167,"column":8}},{"start":{"line":167,"column":8},"end":{"line":167,"column":8}}]},"20":{"line":174,"type":"if","locations":[{"start":{"line":174,"column":8},"end":{"line":174,"column":8}},{"start":{"line":174,"column":8},"end":{"line":174,"column":8}}]},"21":{"line":182,"type":"if","locations":[{"start":{"line":182,"column":8},"end":{"line":182,"column":8}},{"start":{"line":182,"column":8},"end":{"line":182,"column":8}}]},"22":{"line":183,"type":"if","locations":[{"start":{"line":183,"column":8},"end":{"line":183,"column":8}},{"start":{"line":183,"column":8},"end":{"line":183,"column":8}}]},"23":{"line":185,"type":"if","locations":[{"start":{"line":185,"column":8},"end":{"line":185,"column":8}},{"start":{"line":185,"column":8},"end":{"line":185,"column":8}}]},"24":{"line":186,"type":"if","locations":[{"start":{"line":186,"column":12},"end":{"line":186,"column":12}},{"start":{"line":186,"column":12},"end":{"line":186,"column":12}}]},"25":{"line":195,"type":"if","locations":[{"start":{"line":195,"column":8},"end":{"line":195,"column":8}},{"start":{"line":195,"column":8},"end":{"line":195,"column":8}}]},"26":{"line":198,"type":"if","locations":[{"start":{"line":198,"column":8},"end":{"line":198,"column":8}},{"start":{"line":198,"column":8},"end":{"line":198,"column":8}}]},"27":{"line":206,"type":"if","locations":[{"start":{"line":206,"column":8},"end":{"line":206,"column":8}},{"start":{"line":206,"column":8},"end":{"line":206,"column":8}}]},"28":{"line":207,"type":"if","locations":[{"start":{"line":207,"column":8},"end":{"line":207,"column":8}},{"start":{"line":207,"column":8},"end":{"line":207,"column":8}}]}}},"contracts/tokens/YieldTracker.sol":{"l":{"32":1,"33":1,"37":3,"38":3,"42":0,"46":1,"51":0,"55":0,"56":0,"58":0,"59":0,"61":0,"62":0,"63":0,"65":0,"69":0,"73":0,"74":0,"75":0,"77":0,"78":0,"79":0,"80":0,"85":10,"87":10,"88":10,"91":10,"92":10,"95":10,"96":0,"97":0,"102":10,"103":10,"106":0,"107":0,"108":0,"109":0,"113":0,"114":0},"path":"/Users/bhargavkacharla/gmx/gmx-contracts/contracts/tokens/YieldTracker.sol","s":{"1":1,"2":0,"3":0,"4":0,"5":0,"6":0,"7":0,"8":0,"9":0,"10":0,"11":0,"12":0,"13":0,"14":0,"15":0,"16":0,"17":0,"18":10,"19":10,"20":10,"21":10,"22":10,"23":10,"24":10,"25":0,"26":0,"27":0,"28":0},"b":{"1":[1,0],"2":[0,0],"3":[1,0],"4":[0,0],"5":[0,0],"6":[0,0],"7":[10,0],"8":[10,0],"9":[0,10],"10":[10,0],"11":[0,0]},"f":{"1":1,"2":3,"3":0,"4":1,"5":0,"6":0,"7":0,"8":0,"9":10},"fnMap":{"1":{"name":"onlyGov","line":31,"loc":{"start":{"line":31,"column":4},"end":{"line":34,"column":4}}},"2":{"name":"constructor","line":36,"loc":{"start":{"line":36,"column":4},"end":{"line":39,"column":4}}},"3":{"name":"setGov","line":41,"loc":{"start":{"line":41,"column":4},"end":{"line":43,"column":4}}},"4":{"name":"setDistributor","line":45,"loc":{"start":{"line":45,"column":4},"end":{"line":47,"column":4}}},"5":{"name":"withdrawToken","line":50,"loc":{"start":{"line":50,"column":4},"end":{"line":52,"column":4}}},"6":{"name":"claim","line":54,"loc":{"start":{"line":54,"column":4},"end":{"line":66,"column":4}}},"7":{"name":"getTokensPerInterval","line":68,"loc":{"start":{"line":68,"column":4},"end":{"line":70,"column":4}}},"8":{"name":"claimable","line":72,"loc":{"start":{"line":72,"column":4},"end":{"line":82,"column":4}}},"9":{"name":"updateRewards","line":84,"loc":{"start":{"line":84,"column":4},"end":{"line":116,"column":4}}}},"statementMap":{"1":{"start":{"line":32,"column":8},"end":{"line":32,"column":60}},"2":{"start":{"line":51,"column":8},"end":{"line":51,"column":53}},"3":{"start":{"line":55,"column":8},"end":{"line":55,"column":67}},"4":{"start":{"line":56,"column":8},"end":{"line":56,"column":30}},"5":{"start":{"line":58,"column":8},"end":{"line":58,"column":55}},"6":{"start":{"line":61,"column":8},"end":{"line":61,"column":85}},"7":{"start":{"line":62,"column":8},"end":{"line":62,"column":63}},"8":{"start":{"line":63,"column":8},"end":{"line":63,"column":41}},"9":{"start":{"line":65,"column":8},"end":{"line":65,"column":26}},"10":{"start":{"line":69,"column":8},"end":{"line":69,"column":73}},"11":{"start":{"line":73,"column":8},"end":{"line":73,"column":79}},"12":{"start":{"line":74,"column":8},"end":{"line":74,"column":2462}},"13":{"start":{"line":75,"column":12},"end":{"line":75,"column":44}},"14":{"start":{"line":77,"column":8},"end":{"line":77,"column":110}},"15":{"start":{"line":78,"column":8},"end":{"line":78,"column":67}},"16":{"start":{"line":79,"column":8},"end":{"line":79,"column":108}},"17":{"start":{"line":80,"column":8},"end":{"line":80,"column":2957}},"18":{"start":{"line":85,"column":8},"end":{"line":85,"column":27}},"19":{"start":{"line":87,"column":8},"end":{"line":87,"column":3126}},"20":{"start":{"line":91,"column":8},"end":{"line":91,"column":68}},"21":{"start":{"line":92,"column":8},"end":{"line":92,"column":67}},"22":{"start":{"line":95,"column":8},"end":{"line":95,"column":3570}},"23":{"start":{"line":102,"column":8},"end":{"line":102,"column":3952}},"24":{"start":{"line":103,"column":12},"end":{"line":103,"column":18}},"25":{"start":{"line":106,"column":8},"end":{"line":106,"column":4029}},"26":{"start":{"line":107,"column":12},"end":{"line":107,"column":83}},"27":{"start":{"line":108,"column":12},"end":{"line":108,"column":88}},"28":{"start":{"line":109,"column":12},"end":{"line":109,"column":4251}}},"branchMap":{"1":{"line":32,"type":"if","locations":[{"start":{"line":32,"column":8},"end":{"line":32,"column":8}},{"start":{"line":32,"column":8},"end":{"line":32,"column":8}}]},"2":{"line":41,"type":"if","locations":[{"start":{"line":41,"column":43},"end":{"line":41,"column":43}},{"start":{"line":41,"column":43},"end":{"line":41,"column":43}}]},"3":{"line":45,"type":"if","locations":[{"start":{"line":45,"column":59},"end":{"line":45,"column":59}},{"start":{"line":45,"column":59},"end":{"line":45,"column":59}}]},"4":{"line":50,"type":"if","locations":[{"start":{"line":50,"column":87},"end":{"line":50,"column":87}},{"start":{"line":50,"column":87},"end":{"line":50,"column":87}}]},"5":{"line":55,"type":"if","locations":[{"start":{"line":55,"column":8},"end":{"line":55,"column":8}},{"start":{"line":55,"column":8},"end":{"line":55,"column":8}}]},"6":{"line":74,"type":"if","locations":[{"start":{"line":74,"column":8},"end":{"line":74,"column":8}},{"start":{"line":74,"column":8},"end":{"line":74,"column":8}}]},"7":{"line":84,"type":"if","locations":[{"start":{"line":84,"column":61},"end":{"line":84,"column":61}},{"start":{"line":84,"column":61},"end":{"line":84,"column":61}}]},"8":{"line":87,"type":"if","locations":[{"start":{"line":87,"column":8},"end":{"line":87,"column":8}},{"start":{"line":87,"column":8},"end":{"line":87,"column":8}}]},"9":{"line":95,"type":"if","locations":[{"start":{"line":95,"column":8},"end":{"line":95,"column":8}},{"start":{"line":95,"column":8},"end":{"line":95,"column":8}}]},"10":{"line":102,"type":"if","locations":[{"start":{"line":102,"column":8},"end":{"line":102,"column":8}},{"start":{"line":102,"column":8},"end":{"line":102,"column":8}}]},"11":{"line":106,"type":"if","locations":[{"start":{"line":106,"column":8},"end":{"line":106,"column":8}},{"start":{"line":106,"column":8},"end":{"line":106,"column":8}}]}}}}